16
Sending probe (0)...
Sending probe (1)...
Sending probe (2)...
Sending probe (3)...
Sending probe (4)...
Sending probe (5)...
Sending probe (6)...
Sending probe (7)...
Sending probe (8)...
Sending probe (9)...
Join from 64f9.
Join from 8e83.
Join from 9074.
Got data segment 64f9/1.0
got a packet from 64f9, length 0



Got data segment 8e83/1.0
got a packet from 8e83, length 0



Got data segment 9074/1.0
got a packet from 9074, length 0



Got data segment 64f9/2.0
got a packet from 64f9, length 0



Got data segment 8e83/2.0
got a packet from 8e83, length 0



Got data segment 9074/2.0
got a packet from 9074, length 0



Got data segment 64f9/3.0
got a packet from 64f9, length 0



Got data segment 8e83/3.0
got a packet from 8e83, length 0



Got data segment 9074/3.0
got a packet from 9074, length 0



Got data segment 64f9/4.0
got a packet from 64f9, length 0



Got data segment 8e83/4.0
got a packet from 8e83, length 0



Got data segment 9074/4.0
got a packet from 9074, length 0



Got data segment 64f9/5.0
got a packet from 64f9, length 0



Got data segment 8e83/5.0
got a packet from 8e83, length 0



Got data segment 9074/5.0
got a packet from 9074, length 0



Got data segment 64f9/6.0
got a packet from 64f9, length 0



Got data segment 8e83/6.0
got a packet from 8e83, length 0



Got data segment 9074/6.0
got a packet from 9074, length 0



Got data segment 64f9/7.0
got a packet from 64f9, length 0



Got data segment 8e83/7.0
got a packet from 8e83, length 0



Got data segment 9074/7.0
got a packet from 9074, length 0



Got data segment 64f9/8.0
got a packet from 64f9, length 0



Got data segment 8e83/8.0
got a packet from 8e83, length 0



Got data segment 9074/8.0
got a packet from 9074, length 0



Got data segment 64f9/9.0
got a packet from 64f9, length 0



Got data segment 8e83/9.0
got a packet from 8e83, length 0



Got data segment 9074/9.0
got a packet from 9074, length 0



Got data segment 64f9/10.0
got a packet from 64f9, length 0



Got data segment 8e83/10.0
got a packet from 8e83, length 0



Got data segment 9074/10.0
got a packet from 9074, length 0



Got data segment 64f9/11.0
got a packet from 64f9, length 0



Got data segment 8e83/11.0
got a packet from 8e83, length 0



Got data segment 9074/11.0
got a packet from 9074, length 0



Got data segment 64f9/12.0
got a packet from 64f9, length 0



Got data segment 8e83/12.0
got a packet from 8e83, length 0



Got data segment 9074/12.0
got a packet from 9074, length 0



Got data segment 64f9/13.0
got a packet from 64f9, length 0



Got data segment 8e83/13.0
got a packet from 8e83, length 0



Got data segment 9074/13.0
got a packet from 9074, length 0



Got data segment 64f9/14.0
got a packet from 64f9, length 0



Got data segment 8e83/14.0
got a packet from 8e83, length 0



Got data segment 9074/14.0
got a packet from 9074, length 0



Got data segment 64f9/15.0
got a packet from 64f9, length 0



Got data segment 8e83/15.0
got a packet from 8e83, length 0



Got data segment 9074/15.0
got a packet from 9074, length 0



Got data segment 8e83/16.0
got a packet from 8e83, length 0



Got data segment 9074/16.0
got a packet from 9074, length 0



Got data segment 64f9/18.0
got a packet from 64f9, length 0



Got data segment 8e83/18.0
got a packet from 8e83, length 0



Got data segment 9074/18.0
got a packet from 9074, length 0



Got data segment 64f9/20.0
got a packet from 64f9, length 0



Got data segment 8e83/20.0
got a packet from 8e83, length 0



Got data segment 9074/20.0
got a packet from 9074, length 0



Got data segment 64f9/21.0
got a packet from 64f9, length 0



Got data segment 8e83/21.0
got a packet from 8e83, length 0



Got data segment 64f9/21.0
got a packet from 64f9, length 0



Got data segment 9074/21.0
got a packet from 9074, length 0



Got data segment 64f9/21.0
got a packet from 64f9, length 0



Got data segment 64f9/22.0
got a packet from 64f9, length 0



Got data segment 8e83/22.0
got a packet from 8e83, length 0



Got data segment 64f9/22.0
got a packet from 64f9, length 0



Got data segment 9074/22.0
got a packet from 9074, length 0



Got data segment 64f9/22.0
got a packet from 64f9, length 0



Got data segment 64f9/23.0
got a packet from 64f9, length 0



Got data segment 8e83/23.0
got a packet from 8e83, length 0



Got data segment 9074/23.0
got a packet from 9074, length 0



Got data segment 64f9/24.0
got a packet from 64f9, length 0



Got data segment 8e83/24.0
got a packet from 8e83, length 0



Got data segment 9074/24.0
got a packet from 9074, length 0



Got data segment 64f9/25.0
got a packet from 64f9, length 0



Got data segment 8e83/25.0
got a packet from 8e83, length 0



Got data segment 9074/25.0
got a packet from 9074, length 0



Got data segment 64f9/26.0
got a packet from 64f9, length 0



Got data segment 8e83/26.0
got a packet from 8e83, length 0



Got data segment 9074/26.0
got a packet from 9074, length 0



Got data segment 64f9/27.0
got a packet from 64f9, length 0



Got data segment 8e83/27.0
got a packet from 8e83, length 0



Got data segment 9074/27.0
got a packet from 9074, length 0



Got data segment 64f9/28.0
got a packet from 64f9, length 0



Got data segment 8e83/28.0
got a packet from 8e83, length 0



Got data segment 9074/28.0
got a packet from 9074, length 0



Got data segment 64f9/29.0
got a packet from 64f9, length 0



Got data segment 8e83/29.0
got a packet from 8e83, length 0



Got data segment 9074/29.0
got a packet from 9074, length 0



Got data segment 64f9/30.0
got a packet from 64f9, length 0



Got data segment 8e83/30.0
got a packet from 8e83, length 0



Got data segment 9074/30.0
got a packet from 9074, length 0



Got data segment 64f9/31.0
got a packet from 64f9, length 0



Got data segment 8e83/31.0
got a packet from 8e83, length 0



Got data segment 9074/31.0
got a packet from 9074, length 0



Got data segment 64f9/32.0
got a packet from 64f9, length 0



Got data segment 8e83/32.0
got a packet from 8e83, length 0



Got data segment 9074/32.0
got a packet from 9074, length 0



Got data segment 64f9/33.0
got a packet from 64f9, length 0



Got data segment 8e83/33.0
got a packet from 8e83, length 0



Got data segment 9074/33.0
got a packet from 9074, length 0



Got data segment 64f9/34.0
got a packet from 64f9, length 0



Got data segment 8e83/34.0
got a packet from 8e83, length 0



Got data segment 9074/34.0
got a packet from 9074, length 0



Got data segment 64f9/35.0
got a packet from 64f9, length 0



Got data segment 8e83/35.0
got a packet from 8e83, length 0



Got data segment 9074/35.0
got a packet from 9074, length 0



Got data segment 64f9/36.0
got a packet from 64f9, length 0



Got data segment 8e83/36.0
got a packet from 8e83, length 0



Got data segment 9074/36.0
got a packet from 9074, length 0



Got data segment 64f9/37.0
got a packet from 64f9, length 0



Got data segment 8e83/37.0
got a packet from 8e83, length 0



Got data segment 9074/37.0
got a packet from 9074, length 0



Got data segment 64f9/38.0
got a packet from 64f9, length 0



Got data segment 8e83/38.0
got a packet from 8e83, length 0



Got data segment 9074/38.0
got a packet from 9074, length 0



Got data segment 64f9/39.0
got a packet from 64f9, length 0



Got data segment 64f9/40.0
got a packet from 64f9, length 0



Got data segment 8e83/39.0
got a packet from 8e83, length 0



Got data segment 9074/39.0
got a packet from 9074, length 0



Got data segment 64f9/41.0
got a packet from 64f9, length 0



Got data segment 8e83/40.0
got a packet from 8e83, length 0



Got data segment 9074/40.0
got a packet from 9074, length 0



Got data segment 64f9/42.0
got a packet from 64f9, length 0



Got data segment 8e83/41.0
got a packet from 8e83, length 0



Got data segment 9074/41.0
got a packet from 9074, length 0



Got data segment 64f9/43.0
got a packet from 64f9, length 0



Got data segment 8e83/42.0
got a packet from 8e83, length 0



Got data segment 9074/42.0
got a packet from 9074, length 0



Got data segment 64f9/44.0
got a packet from 64f9, length 0



Got data segment 8e83/43.0
got a packet from 8e83, length 0



Got data segment 9074/43.0
got a packet from 9074, length 0



Got data segment 64f9/45.0
got a packet from 64f9, length 0



Got data segment 8e83/44.0
got a packet from 8e83, length 0



Got data segment 9074/44.0
got a packet from 9074, length 0



Got data segment 64f9/46.0
got a packet from 64f9, length 0



Got data segment 8e83/45.0
got a packet from 8e83, length 0



Got data segment 9074/45.0
got a packet from 9074, length 0



Got data segment 64f9/47.0
got a packet from 64f9, length 0



Got data segment 8e83/46.0
got a packet from 8e83, length 0



Got data segment 9074/46.0
got a packet from 9074, length 0



Got data segment 64f9/48.0
got a packet from 64f9, length 0



Got data segment 8e83/47.0
got a packet from 8e83, length 0



Got data segment 9074/47.0
got a packet from 9074, length 0



Got data segment 64f9/49.0
got a packet from 64f9, length 0



Got data segment 8e83/48.0
got a packet from 8e83, length 0



Got data segment 9074/48.0
got a packet from 9074, length 0



Got data segment 64f9/50.0
got a packet from 64f9, length 0



Got data segment 8e83/49.0
got a packet from 8e83, length 0



Got data segment 9074/49.0
got a packet from 9074, length 0



Got data segment 64f9/51.0
got a packet from 64f9, length 0



Got data segment 8e83/50.0
got a packet from 8e83, length 0



Got data segment 9074/50.0
got a packet from 9074, length 0



Got data segment 64f9/52.0
got a packet from 64f9, length 0



Got data segment 8e83/51.0
got a packet from 8e83, length 0



Got data segment 9074/51.0
got a packet from 9074, length 0



Got data segment 64f9/53.0
got a packet from 64f9, length 0



Got data segment 8e83/52.0
got a packet from 8e83, length 0



Got data segment 9074/52.0
got a packet from 9074, length 0



Got data segment 64f9/54.0
got a packet from 64f9, length 0



Got data segment 8e83/53.0
got a packet from 8e83, length 0



Got data segment 9074/53.0
got a packet from 9074, length 0



Got data segment 64f9/55.0
got a packet from 64f9, length 0



Got data segment 8e83/54.0
got a packet from 8e83, length 0



Got data segment 9074/54.0
got a packet from 9074, length 0



Got data segment 64f9/56.0
got a packet from 64f9, length 0



Got data segment 8e83/55.0
got a packet from 8e83, length 0



Got data segment 9074/55.0
got a packet from 9074, length 0



Got data segment 64f9/57.0
got a packet from 64f9, length 0



Got data segment 8e83/56.0
got a packet from 8e83, length 0



Got data segment 9074/56.0
got a packet from 9074, length 0



Got data segment 64f9/58.0
got a packet from 64f9, length 0



Got data segment 8e83/57.0
got a packet from 8e83, length 0



Got data segment 9074/57.0
got a packet from 9074, length 0



Got data segment 64f9/59.0
got a packet from 64f9, length 0



Got data segment 8e83/58.0
got a packet from 8e83, length 0



Got data segment 9074/58.0
got a packet from 9074, length 0



Got data segment 64f9/60.0
got a packet from 64f9, length 0



Got data segment 8e83/59.0
got a packet from 8e83, length 0



Got data segment 9074/59.0
got a packet from 9074, length 0



Got data segment 64f9/61.0
got a packet from 64f9, length 0



Got data segment 8e83/60.0
got a packet from 8e83, length 0



Got data segment 9074/60.0
got a packet from 9074, length 0



Got data segment 64f9/62.0
got a packet from 64f9, length 0



Got data segment 8e83/61.0
got a packet from 8e83, length 0



Got data segment 9074/61.0
got a packet from 9074, length 0



Got data segment 64f9/63.0
got a packet from 64f9, length 0



Got data segment 8e83/62.0
got a packet from 8e83, length 0



Got data segment 9074/62.0
got a packet from 9074, length 0



Got data segment 64f9/64.0
got a packet from 64f9, length 0



Got data segment 8e83/63.0
got a packet from 8e83, length 0



Got data segment 9074/63.0
got a packet from 9074, length 0



Got data segment 64f9/65.0
got a packet from 64f9, length 0



Got data segment 8e83/64.0
got a packet from 8e83, length 0



Got data segment 9074/64.0
got a packet from 9074, length 0



Got data segment 64f9/66.0
got a packet from 64f9, length 0



Got data segment 8e83/65.0
got a packet from 8e83, length 0



Got data segment 9074/65.0
got a packet from 9074, length 0



Got data segment 64f9/67.0
got a packet from 64f9, length 0



Got data segment 8e83/66.0
got a packet from 8e83, length 0



Got data segment 9074/66.0
got a packet from 9074, length 0



Got data segment 64f9/68.0
got a packet from 64f9, length 0



Got data segment 8e83/67.0
got a packet from 8e83, length 0



Got data segment 9074/67.0
got a packet from 9074, length 0



Got data segment 64f9/69.0
got a packet from 64f9, length 0



Got data segment 8e83/68.0
got a packet from 8e83, length 0



Got data segment 9074/68.0
got a packet from 9074, length 0



Got data segment 64f9/70.0
got a packet from 64f9, length 0



Got data segment 8e83/69.0
got a packet from 8e83, length 0



Got data segment 9074/69.0
got a packet from 9074, length 0



Got data segment 64f9/71.0
got a packet from 64f9, length 0



Got data segment 8e83/70.0
got a packet from 8e83, length 0



Got data segment 9074/70.0
got a packet from 9074, length 0



Got data segment 64f9/72.0
got a packet from 64f9, length 0



Got data segment 8e83/71.0
got a packet from 8e83, length 0



Got data segment 9074/71.0
got a packet from 9074, length 0



Got data segment 64f9/73.0
got a packet from 64f9, length 0



Got data segment 8e83/72.0
got a packet from 8e83, length 0



Got data segment 9074/72.0
got a packet from 9074, length 0



Got data segment 64f9/74.0
got a packet from 64f9, length 0



Got data segment 8e83/73.0
got a packet from 8e83, length 0



Got data segment 9074/73.0
got a packet from 9074, length 0



Got data segment 64f9/75.0
got a packet from 64f9, length 0



Got data segment 8e83/74.0
got a packet from 8e83, length 0



Got data segment 9074/74.0
got a packet from 9074, length 0



Got data segment 64f9/76.0
got a packet from 64f9, length 0



Got data segment 8e83/75.0
got a packet from 8e83, length 0



Got data segment 9074/75.0
got a packet from 9074, length 0



Got data segment 64f9/77.0
got a packet from 64f9, length 0



Got data segment 8e83/76.0
got a packet from 8e83, length 0



Got data segment 9074/76.0
got a packet from 9074, length 0



Got data segment 64f9/78.0
got a packet from 64f9, length 0



Got data segment 8e83/77.0
got a packet from 8e83, length 0



Got data segment 9074/77.0
got a packet from 9074, length 0



Got data segment 64f9/79.0
got a packet from 64f9, length 0



Got data segment 8e83/78.0
got a packet from 8e83, length 0



Got data segment 9074/78.0
got a packet from 9074, length 0



Got data segment 64f9/80.0
got a packet from 64f9, length 0



Got data segment 8e83/79.0
got a packet from 8e83, length 0



Got data segment 9074/79.0
got a packet from 9074, length 0



Got data segment 64f9/81.0
got a packet from 64f9, length 0



Got data segment 8e83/80.0
got a packet from 8e83, length 0



Got data segment 9074/80.0
got a packet from 9074, length 0



Got data segment 64f9/82.0
got a packet from 64f9, length 0



Got data segment 8e83/81.0
got a packet from 8e83, length 0



Got data segment 9074/81.0
got a packet from 9074, length 0



Got data segment 64f9/83.0
got a packet from 64f9, length 0



Got data segment 8e83/82.0
got a packet from 8e83, length 0



Got data segment 9074/82.0
got a packet from 9074, length 0



Got data segment 64f9/84.0
got a packet from 64f9, length 0



Got data segment 8e83/83.0
got a packet from 8e83, length 0



Got data segment 9074/83.0
got a packet from 9074, length 0



Got data segment 64f9/85.0
got a packet from 64f9, length 0



Got data segment 8e83/84.0
got a packet from 8e83, length 0



Got data segment 9074/84.0
got a packet from 9074, length 0



Got data segment 64f9/86.0
got a packet from 64f9, length 0



Got data segment 8e83/85.0
got a packet from 8e83, length 0



Got data segment 9074/85.0
got a packet from 9074, length 0



Got data segment 64f9/87.0
got a packet from 64f9, length 0



Got data segment 8e83/86.0
got a packet from 8e83, length 0



Got data segment 9074/86.0
got a packet from 9074, length 0



Got data segment 64f9/
