16
Sending probe (0)...
Sending probe (1)...
Sending probe (2)...
Sending probe (3)...
Sending probe (4)...
Sending probe (5)...
Sending probe (6)...
Sending probe (7)...
Sending probe (8)...
Sending probe (9)...
Join from 8e83.
Join from 9074.
Join from 64e7.
Got data segment 8e83/1.0
got a packet from 8e83, length 0



Got data segment 9074/1.0
got a packet from 9074, length 0



Got data segment 64e7/1.0
got a packet from 64e7, length 0



Got data segment 8e83/2.0
got a packet from 8e83, length 0



Got data segment 9074/2.0
got a packet from 9074, length 0



Got data segment 64e7/2.0
got a packet from 64e7, length 0



Got data segment 8e83/3.0
got a packet from 8e83, length 0



Got data segment 9074/3.0
got a packet from 9074, length 0



Got data segment 64e7/3.0
got a packet from 64e7, length 0



Got data segment 8e83/4.0
got a packet from 8e83, length 0



Got data segment 9074/4.0
got a packet from 9074, length 0



Got data segment 64e7/4.0
got a packet from 64e7, length 0



Got data segment 8e83/5.0
got a packet from 8e83, length 0



Got data segment 9074/5.0
got a packet from 9074, length 0



Got data segment 64e7/5.0
got a packet from 64e7, length 0



Got data segment 8e83/6.0
got a packet from 8e83, length 0



Got data segment 9074/6.0
got a packet from 9074, length 0



Got data segment 64e7/6.0
got a packet from 64e7, length 0



Got data segment 8e83/7.0
got a packet from 8e83, length 0



Got data segment 9074/7.0
got a packet from 9074, length 0



Got data segment 64e7/7.0
got a packet from 64e7, length 0



Got data segment 8e83/8.0
got a packet from 8e83, length 0



Got data segment 9074/8.0
got a packet from 9074, length 0



Got data segment 64e7/8.0
got a packet from 64e7, length 0



Got data segment 8e83/9.0
got a packet from 8e83, length 0



Got data segment 9074/9.0
got a packet from 9074, length 0



Got data segment 64e7/9.0
got a packet from 64e7, length 0



Got data segment 8e83/10.0
got a packet from 8e83, length 0



Got data segment 9074/10.0
got a packet from 9074, length 0



Got data segment 64e7/10.0
got a packet from 64e7, length 0



Got data segment 8e83/11.0
got a packet from 8e83, length 0



Got data segment 9074/11.0
got a packet from 9074, length 0



Got data segment 64e7/11.0
got a packet from 64e7, length 0



Got data segment 8e83/12.0
got a packet from 8e83, length 0



Got data segment 9074/12.0
got a packet from 9074, length 0



Got data segment 64e7/12.0
got a packet from 64e7, length 0



Got data segment 8e83/13.0
got a packet from 8e83, length 0



Got data segment 9074/13.0
got a packet from 9074, length 0



Got data segment 64e7/13.0
got a packet from 64e7, length 0



Got data segment 8e83/14.0
got a packet from 8e83, length 0



Got data segment 9074/14.0
got a packet from 9074, length 0



Got data segment 64e7/14.0
got a packet from 64e7, length 0



Got data segment 8e83/15.0
got a packet from 8e83, length 0



Got data segment 9074/15.0
got a packet from 9074, length 0



Got data segment 64e7/15.0
got a packet from 64e7, length 0



Got data segment 8e83/16.0
got a packet from 8e83, length 0



Got data segment 9074/16.0
got a packet from 9074, length 0



Got data segment 64e7/16.0
got a packet from 64e7, length 0



Got data segment 8e83/18.0
got a packet from 8e83, length 0



Got data segment 9074/18.0
got a packet from 9074, length 0



Got data segment 64e7/18.0
got a packet from 64e7, length 0



Got data segment 8e83/20.0
got a packet from 8e83, length 0



Got data segment 8e83/21.0
got a packet from 8e83, length 0



Got data segment 8e83/22.0
got a packet from 8e83, length 0



Got data segment 9074/20.0
got a packet from 9074, length 0



Got data segment 9074/21.0
got a packet from 9074, length 0



Got data segment 9074/22.0
got a packet from 9074, length 0



Got data segment 64e7/20.0
got a packet from 64e7, length 0



Got data segment 64e7/21.0
got a packet from 64e7, length 0



Got data segment 64e7/22.0
got a packet from 64e7, length 0



Got data segment 8e83/23.0
got a packet from 8e83, length 0



Got data segment 9074/23.0
got a packet from 9074, length 0



Got data segment 64e7/23.0
got a packet from 64e7, length 0



Got data segment 8e83/24.0
got a packet from 8e83, length 0



Got data segment 9074/24.0
got a packet from 9074, length 0



Got data segment 64e7/24.0
got a packet from 64e7, length 0



Got data segment 8e83/25.0
got a packet from 8e83, length 0



Got data segment 9074/25.0
got a packet from 9074, length 0



Got data segment 64e7/25.0
got a packet from 64e7, length 0



Got data segment 8e83/26.0
got a packet from 8e83, length 0



Got data segment 9074/26.0
got a packet from 9074, length 0



Got data segment 64e7/26.0
got a packet from 64e7, length 0



Got data segment 8e83/27.0
got a packet from 8e83, length 0



Got data segment 9074/27.0
got a packet from 9074, length 0



Got data segment 64e7/27.0
got a packet from 64e7, length 0



Got data segment 8e83/28.0
got a packet from 8e83, length 0



Got data segment 9074/28.0
got a packet from 9074, length 0



Got data segment 64e7/28.0
got a packet from 64e7, length 0



Got data segment 8e83/29.0
got a packet from 8e83, length 0



Got data segment 9074/29.0
got a packet from 9074, length 0



Got data segment 64e7/29.0
got a packet from 64e7, length 0



Got data segment 8e83/30.0
got a packet from 8e83, length 0



Got data segment 9074/30.0
got a packet from 9074, length 0



Got data segment 64e7/30.0
got a packet from 64e7, length 0



Got data segment 8e83/31.0
got a packet from 8e83, length 0



Got data segment 9074/31.0
got a packet from 9074, length 0



Got data segment 64e7/31.0
got a packet from 64e7, length 0



Got data segment 8e83/32.0
got a packet from 8e83, length 0



Got data segment 9074/32.0
got a packet from 9074, length 0



Got data segment 64e7/32.0
got a packet from 64e7, length 0



Got data segment 8e83/33.0
got a packet from 8e83, length 0



Got data segment 9074/33.0
got a packet from 9074, length 0



Got data segment 64e7/33.0
got a packet from 64e7, length 0



Got data segment 8e83/34.0
got a packet from 8e83, length 0



Got data segment 9074/34.0
got a packet from 9074, length 0



Got data segment 8e83/35.0
got a packet from 8e83, length 0



Got data segment 9074/35.0
got a packet from 9074, length 0



Got data segment 8e83/36.0
got a packet from 8e83, length 0



Got data segment 9074/36.0
got a packet from 9074, length 0



Got data segment 64e7/36.0
got a packet from 64e7, length 0



Got data segment 64e7/37.0
got a packet from 64e7, length 0



Got data segment 64e7/38.0
got a packet from 64e7, length 0



Got data segment 64e7/39.0
got a packet from 64e7, length 0



Got data segment 64e7/39.0
got a packet from 64e7, length 0



Got data segment 9074/37.0
got a packet from 9074, length 0



Got data segment 64e7/39.0
got a packet from 64e7, length 0



Got data segment 8e83/37.0
got a packet from 8e83, length 0



Got data segment 64e7/40.0
got a packet from 64e7, length 0



Got data segment 8e83/38.0
got a packet from 8e83, length 0



Got data segment 64e7/40.0
got a packet from 64e7, length 0



Got data segment 9074/38.0
got a packet from 9074, length 0



Got data segment 64e7/40.0
got a packet from 64e7, length 0



Got data segment 64e7/41.0
got a packet from 64e7, length 0



Got data segment 64e7/42.0
got a packet from 64e7, length 0



Got data segment 64e7/43.0
got a packet from 64e7, length 0



Got data segment 64e7/44.0
got a packet from 64e7, length 0



Got data segment 8e83/39.0
got a packet from 8e83, length 0



Got data segment 9074/39.0
got a packet from 9074, length 0



Got data segment 64e7/45.0
got a packet from 64e7, length 0



Got data segment 8e83/40.0
got a packet from 8e83, length 0



Got data segment 9074/40.0
got a packet from 9074, length 0



Got data segment 64e7/46.0
got a packet from 64e7, length 0



Got data segment 8e83/41.0
got a packet from 8e83, length 0



Got data segment 9074/41.0
got a packet from 9074, length 0



Got data segment 64e7/47.0
got a packet from 64e7, length 0



Got data segment 8e83/42.0
got a packet from 8e83, length 0



Got data segment 9074/42.0
got a packet from 9074, length 0



Got data segment 64e7/48.0
got a packet from 64e7, length 0



Got data segment 8e83/43.0
got a packet from 8e83, length 0



Got data segment 9074/43.0
got a packet from 9074, length 0



Got data segment 64e7/49.0
got a packet from 64e7, length 0



Got data segment 8e83/44.0
got a packet from 8e83, length 0



Got data segment 9074/44.0
got a packet from 9074, length 0



Got data segment 64e7/50.0
got a packet from 64e7, length 0



Got data segment 8e83/45.0
got a packet from 8e83, length 0



Got data segment 9074/45.0
got a packet from 9074, length 0



Got data segment 64e7/51.0
got a packet from 64e7, length 0



Got data segment 8e83/46.0
got a packet from 8e83, length 0



Got data segment 9074/46.0
got a packet from 9074, length 0



Got data segment 64e7/52.0
got a packet from 64e7, length 0



Got data segment 8e83/47.0
got a packet from 8e83, length 0



Got data segment 9074/47.0
got a packet from 9074, length 0



Got data segment 64e7/53.0
got a packet from 64e7, length 0



Got data segment 8e83/48.0
got a packet from 8e83, length 0



Got data segment 9074/48.0
got a packet from 9074, length 0



Got data segment 64e7/54.0
got a packet from 64e7, length 0



Got data segment 8e83/49.0
got a packet from 8e83, length 0



Got data segment 9074/49.0
got a packet from 9074, length 0



Got data segment 64e7/55.0
got a packet from 64e7, length 0



Got data segment 8e83/50.0
got a packet from 8e83, length 0



Got data segment 9074/50.0
got a packet from 9074, length 0



Got data segment 64e7/56.0
got a packet from 64e7, length 0



Got data segment 8e83/51.0
got a packet from 8e83, length 0



Got data segment 9074/51.0
got a packet from 9074, length 0



Got data segment 64e7/57.0
got a packet from 64e7, length 0



Got data segment 8e83/52.0
got a packet from 8e83, length 0



Got data segment 9074/52.0
got a packet from 9074, length 0



Got data segment 64e7/58.0
got a packet from 64e7, length 0



Got data segment 8e83/53.0
got a packet from 8e83, length 0



Got data segment 9074/53.0
got a packet from 9074, length 0



Got data segment 64e7/59.0
got a packet from 64e7, length 0



Got data segment 8e83/54.0
got a packet from 8e83, length 0



Got data segment 9074/54.0
got a packet from 9074, length 0



Got data segment 64e7/60.0
got a packet from 64e7, length 0



Got data segment 8e83/55.0
got a packet from 8e83, length 0



Got data segment 9074/55.0
got a packet from 9074, length 0



Got data segment 64e7/61.0
got a packet from 64e7, length 0



Got data segment 8e83/56.0
got a packet from 8e83, length 0



Got data segment 9074/56.0
got a packet from 9074, length 0



Got data segment 64e7/62.0
got a packet from 64e7, length 0



Got data segment 8e83/57.0
got a packet from 8e83, length 0



Got data segment 9074/57.0
got a packet from 9074, length 0



Got data segment 64e7/63.0
got a packet from 64e7, length 0



Got data segment 8e83/58.0
got a packet from 8e83, length 0



Got data segment 9074/58.0
got a packet from 9074, length 0



Got data segment 64e7/64.0
got a packet from 64e7, length 0



Got data segment 8e83/59.0
got a packet from 8e83, length 0



Got data segment 9074/59.0
got a packet from 9074, length 0



Got data segment 64e7/65.0
got a packet from 64e7, length 0



Got data segment 8e83/60.0
got a packet from 8e83, length 0



Got data segment 9074/60.0
got a packet from 9074, length 0



Got data segment 64e7/66.0
got a packet from 64e7, length 0



Got data segment 8e83/61.0
got a packet from 8e83, length 0



Got data segment 9074/61.0
got a packet from 9074, length 0



Got data segment 64e7/67.0
got a packet from 64e7, length 0



Got data segment 8e83/62.0
got a packet from 8e83, length 0



Got data segment 9074/62.0
got a packet from 9074, length 0



Got data segment 64e7/68.0
got a packet from 64e7, length 0



Got data segment 8e83/63.0
got a packet from 8e83, length 0



Got data segment 9074/63.0
got a packet from 9074, length 0



Got data segment 64e7/69.0
got a packet from 64e7, length 0



Got data segment 8e83/64.0
got a packet from 8e83, length 0



Got data segment 9074/64.0
got a packet from 9074, length 0



Got data segment 64e7/70.0
got a packet from 64e7, length 0



Got data segment 8e83/65.0
got a packet from 8e83, length 0



Got data segment 9074/65.0
got a packet from 9074, length 0



Got data segment 64e7/71.0
got a packet from 64e7, length 0



Got data segment 8e83/66.0
got a packet from 8e83, length 0



Got data segment 9074/66.0
got a packet from 9074, length 0



Got data segment 64e7/72.0
got a packet from 64e7, length 0



Got data segment 8e83/67.0
got a packet from 8e83, length 0



Got data segment 9074/67.0
got a packet from 9074, length 0



Got data segment 64e7/73.0
got a packet from 64e7, length 0



Got data segment 8e83/68.0
got a packet from 8e83, length 0



Got data segment 9074/68.0
got a packet from 9074, length 0



Got data segment 64e7/74.0
got a packet from 64e7, length 0



Got data segment 8e83/69.0
got a packet from 8e83, length 0



Got data segment 9074/69.0
got a packet from 9074, length 0



Got data segment 64e7/75.0
got a packet from 64e7, length 0



Got data segment 8e83/70.0
got a packet from 8e83, length 0



Got data segment 9074/70.0
got a packet from 9074, length 0



Got data segment 64e7/76.0
got a packet from 64e7, length 0



Got data segment 8e83/71.0
got a packet from 8e83, length 0



Got data segment 9074/71.0
got a packet from 9074, length 0



Got data segment 64e7/77.0
got a packet from 64e7, length 0



Got data segment 8e83/72.0
got a packet from 8e83, length 0



Got data segment 9074/72.0
got a packet from 9074, length 0



Got data segment 64e7/78.0
got a packet from 64e7, length 0



Got data segment 8e83/73.0
got a packet from 8e83, length 0



Got data segment 9074/73.0
got a packet from 9074, length 0



Got data segment 64e7/79.0
got a packet from 64e7, length 0



Got data segment 8e83/74.0
got a packet from 8e83, length 0



Got data segment 9074/74.0
got a packet from 9074, length 0



Got data segment 64e7/80.0
got a packet from 64e7, length 0



Got data segment 8e83/75.0
got a packet from 8e83, length 0



Got data segment 9074/75.0
got a packet from 9074, length 0



Got data segment 64e7/81.0
got a packet from 64e7, length 0



Got data segment 8e83/76.0
got a packet from 8e83, length 0



Got data segment 9074/76.0
got a packet from 9074, length 0



Got data segment 64e7/82.0
got a packet from 64e7, length 0



Got data segment 8e83/77.0
got a packet from 8e83, length 0



Got data segment 9074/77.0
got a packet from 9074, length 0



Got data segment 64e7/83.0
got a packet from 64e7, length 0



Got data segment 8e83/78.0
got a packet from 8e83, length 0



Got data segment 9074/78.0
got a packet from 9074, length 0



Got data segment 64e7/84.0
got a packet from 64e7, length 0



Got data segment 8e83/79.0
got a packet from 8e83, length 0



Got data segment 9074/79.0
got a packet from 9074, length 0



Got data segment 64e7/85.0
got a packet from 64e7, length 0



Got data segment 8e83/80.0
got a packet from 8e83, length 0



Got data segment 9074/80.0
got a packet from 9074, length 0



Got data segment 64e7/86.0
got a packet from 64e7, length 0



Got data segment 8e83/81.0
got a packet from 8e83, length 0



Got data segment 9074/81.0
got a packet from 9074, length 0



Got data segment 64e7/87.0
got a packet from 64e7, length 0



Got data segment 8e83/82.0
got a packet from 8e83, length 0



Got data segment 9074/82.0
got a packet from 9074, length 0



Got data segment 64e7/88.0
got a packet from 64e7, length 0



Got data segment 8e83/83.0
got a packet from 8e83, length 0



Got data segment 9074/83.0
got a packet from 9074, length 0



Got data segment 64e7/89.0
got a packet from 64e7, length 0



Got data segment 8e83/84.0
got a packet from 8e83, length 0



Got data segment 9074/84.0
got a packet from 9074, length 0



Got data segment 64e7/90.0
got a packet from 64e7, length 0



Got data segment 8e83/85.0
got a packet from 8e83, length 0



Got data segment 9074/85.0
got a packet from 9074, length 0



Got data segment 64e7/91.0
got a packet from 64e7, length 0



Got data segment 8e83/86.0
got a packet from 8e83, length 0



Got data segment 9074/86.0
got a packet from 9074, length 0



Got data segment 64e7/92.0
got a packet from 64e7, length 0



Got data segment 8e83/87.0
got a packet from 8e83, length 0



Got data segment 9074/87.0
got a packet from 9074, length 0



Got data segment 64e7/93.0
got a packet from 64e7, length 0



Got data segment 8e83/88.0
got a packet from 8e83, length 0



Got data segment 9074/88.0
got a packet from 9074, length 0



Got data segment 64e7/94.0
got a packet from 64e7, length 0



Got data segment 8e83/89.0
got a packet from 8e83, length 0



Got data segment 9074/89.0
got a packet from 9074, length 0



Got data segment 64e7/95.0
got a packet from 64e7, length 0



Got data segment 8e83/90.0
got a packet from 8e83, length 0



Got data segment 9074/90.0
got a packet from 9074, length 0



Got data segment 64e7/96.0
got a packet from 64e7, length 0



Got data segment 8e83/91.0
got a packet from 8e83, length 0



Got data segment 9074/91.0
got a packet from 9074, length 0



Got data segment 64e7/97.0
got a packet from 64e7, length 0



Got data segment 9074/92.0
got a packet from 9074, length 0



Got data segment 64e7/98.0
got a packet from 64e7, length 0



Got data segment 9074/93.0
got a packet from 9074, length 0



Got data segment 64e7/99.0
got a packet from 64e7, length 0



Got data segment 8e83/94.0
got a packet from 8e83, length 0



Got data segment 8e83/95.0
got a packet from 8e83, length 0



Got data segment 8e83/96.0
got a packet from 8e83, length 0



Got data segment 8e83/97.0
got a packet from 8e83, length 0



Got data segment 9074/94.0
got a packet from 9074, length 0



Got data segment 8e83/97.0
got a packet from 8e83, length 0



Got data segment 64e7/100.0
got a packet from 64e7, length 0



Got data segment 8e83/97.0
got a packet from 8e83, length 0



Got data segment 8e83/98.0
got a packet from 8e83, length 0



Got data segment 9074/95.0
got a packet from 9074, length 0



Got data segment 8e83/98.0
got a packet from 8e83, length 0



Got data segment 64e7/101.0
got a packet from 64e7, length 0



Got data segment 8e83/98.0
got a packet from 8e83, length 0



Got data segment 8e83/99.0
got a packet from 8e83, length 0



Got data segment 8e83/100.0
got a packet from 8e83, length 0



Got data segment 8e83/101.0
got a packet from 8e83, length 0



Got data segment 8e83/102.0
got a packet from 8e83, length 0



Got data segment 9074/96.0
got a packet from 9074, length 0



Got data segment 64e7/102.0
got a packet from 64e7, length 0



Got data segment 8e83/103.0
got a packet from 8e83, length 0



Got data segment 9074/97.0
got a packet from 9074, length 0



Got data segment 64e7/103.0
got a packet from 64e7, length 0



Got data segment 8e83/104.0
got a packet from 8e83, length 0



Got data segment 9074/98.0
got a packet from 9074, length 0



Got data segment 64e7/104.0
got a packet from 64e7, length 0



Got data segment 8e83/105.0
got a packet from 8e83, length 0



Got data segment 9074/99.0
got a packet from 9074, length 0



Got data segment 64e7/105.0
got a packet from 64e7, length 0



Got data segment 8e83/106.0
got a packet from 8e83, length 0



Got data segment 9074/100.0
got a packet from 9074, length 0



Got data segment 64e7/106.0
got a packet from 64e7, length 0



Got data segment 8e83/107.0
got a packet from 8e83, length 0



Got data segment 9074/101.0
got a packet from 9074, length 0



Got data segment 64e7/107.0
got a packet from 64e7, length 0



Got data segment 8e83/108.0
got a packet from 8e83, length 0



Got data segment 9074/102.0
got a packet from 9074, length 0



Got data segment 64e7/108.0
got a packet from 64e7, length 0



Got data segment 8e83/109.0
got a packet from 8e83, length 0



Got data segment 9074/103.0
got a packet from 9074, length 0



Got data segment 64e7/109.0
got a packet from 64e7, length 0



Got data segment 8e83/110.0
got a packet from 8e83, length 0



Got data segment 9074/104.0
got a packet from 9074, length 0



Got data segment 64e7/110.0
got a packet from 64e7, length 0



Got data segment 8e83/111.0
got a packet from 8e83, length 0



Got data segment 64e7/111.0
got a packet from 64e7, length 0



Got data segment 8e83/112.0
got a packet from 8e83, length 0



Got data segment 64e7/112.0
got a packet from 64e7, length 0



Got data segment 8e83/113.0
got a packet from 8e83, length 0



Got data segment 9074/107.0
got a packet from 9074, length 0



Got data segment 9074/108.0
got a packet from 9074, length 0



Got data segment 9074/109.0
got a packet from 9074, length 0



Got data segment 9074/110.0
got a packet from 9074, length 0



Got data segment 64e7/113.0
got a packet from 64e7, length 0



Got data segment 9074/110.0
got a packet from 9074, length 0



Got data segment 8e83/114.0
got a packet from 8e83, length 0



Got data segment 9074/110.0
got a packet from 9074, length 0



Got data segment 9074/111.0
got a packet from 9074, length 0



Got data segment 64e7/114.0
got a packet from 64e7, length 0



Got data segment 9074/111.0
got a packet from 9074, length 0



Got data segment 8e83/115.0
got a packet from 8e83, length 0



Got data segment 9074/111.0
got a packet from 9074, length 0



Got data segment 9074/112.0
got a packet from 9074, length 0



Got data segment 9074/113.0
got a packet from 9074, length 0



Got data segment 9074/114.0
got a packet from 9074, length 0



Got data segment 9074/115.0
got a packet from 9074, length 0



Got data segment 64e7/115.0
got a packet from 64e7, length 0



Got data segment 8e83/116.0
got a packet from 8e83, length 0



Got data segment 64e7/116.0
got a packet from 64e7, length 0



Got data segment 9074/116.0
got a packet from 9074, length 0



Got data segment 8e83/117.0
got a packet from 8e83, length 0



Got data segment 9074/117.0
got a packet from 9074, length 0



Got data segment 64e7/117.0
got a packet from 64e7, length 0



Got data segment 8e83/118.0
got a packet from 8e83, length 0



Got data segment 9074/118.0
got a packet from 9074, length 0



Got data segment 64e7/118.0
got a packet from 64e7, length 0



Got data segment 8e83/119.0
got a packet from 8e83, length 0



Got data segment 9074/119.0
got a packet from 9074, length 0



Got data segment 64e7/119.0
got a packet from 64e7, length 0



Got data segment 8e83/120.0
got a packet from 8e83, length 0



Got data segment 9074/120.0
got a packet from 9074, length 0



Got data segment 64e7/120.0
got a packet from 64e7, length 0



Got data segment 8e83/121.0
got a packet from 8e83, length 0



Got data segment 9074/121.0
got a packet from 9074, length 0



Got data segment 64e7/121.0
got a packet from 64e7, length 0



Got data segment 8e83/122.0
got a packet from 8e83, length 0



Got data segment 64e7/122.0
got a packet from 64e7, length 0



Got data segment 9074/122.0
got a packet from 9074, length 0



Got data segment 8e83/123.0
got a packet from 8e83, length 0



Got data segment 9074/123.0
got a packet from 9074, length 0



Got data segment 64e7/123.0
got a packet from 64e7, length 0



Got data segment 8e83/124.0
got a packet from 8e83, length 0



Got data segment 9074/124.0
got a packet from 9074, length 0



Got data segment 64e7/124.0
got a packet from 64e7, length 0



Got data segment 8e83/127.0
got a packet from 8e83, length 0



Got data segment 8e83/128.0
got a packet from 8e83, length 0



Got data segment 8e83/129.0
got a packet from 8e83, length 0



Got data segment 8e83/130.0
got a packet from 8e83, length 0



Got data segment 8e83/131.0
got a packet from 8e83, length 0



Got data segment 8e83/132.0
got a packet from 8e83, length 0



Got data segment 8e83/133.0
got a packet from 8e83, length 0



Got data segment 9074/127.0
got a packet from 9074, length 0



Got data segment 9074/128.0
got a packet from 9074, length 0



Got data segment 9074/129.0
got a packet from 9074, length 0



Got data segment 9074/130.0
got a packet from 9074, length 0



Got data segment 9074/131.0
got a packet from 9074, length 0



Got data segment 9074/132.0
got a packet from 9074, length 0



Got data segment 9074/133.0
got a packet from 9074, length 0



Got data segment 64e7/127.0
got a packet from 64e7, length 0



Got data segment 64e7/128.0
got a packet from 64e7, length 0



Got data segment 64e7/129.0
got a packet from 64e7, length 0



Got data segment 64e7/130.0
got a packet from 64e7, length 0



Got data segment 64e7/131.0
got a packet from 64e7, length 0



Got data segment 64e7/132.0
got a packet from 64e7, length 0



Got data segment 64e7/133.0
got a packet from 64e7, length 0



Got data segment 8e83/134.0
got a packet from 8e83, length 0



Got data segment 9074/134.0
got a packet from 9074, length 0



Got data segment 64e7/134.0
got a packet from 64e7, length 0



Got data segment 8e83/135.0
got a packet from 8e83, length 0



Got data segment 9074/135.0
got a packet from 9074, length 0



Got data segment 64e7/135.0
got a packet from 64e7, length 0



Got data segment 8e83/136.0
got a packet from 8e83, length 0



Got data segment 9074/136.0
got a packet from 9074, length 0



Got data segment 64e7/136.0
got a packet from 64e7, length 0



Got data segment 8e83/137.0
got a packet from 8e83, length 0



Got data segment 9074/137.0
got a packet from 9074, length 0



Got data segment 64e7/137.0
got a packet from 64e7, length 0



Got data segment 8e83/138.0
got a packet from 8e83, length 0



Got data segment 9074/138.0
got a packet from 9074, length 0



Got data segment 64e7/138.0
got a packet from 64e7, length 0



Got data segment 8e83/139.0
got a packet from 8e83, length 0



Got data segment 9074/139.0
got a packet from 9074, length 0



Got data segment 64e7/139.0
got a packet from 64e7, length 0



Got data segment 8e83/140.0
got a packet from 8e83, length 0



Got data segment 9074/140.0
got a packet from 9074, length 0



Got data segment 64e7/140.0
got a packet from 64e7, length 0



Got data segment 8e83/141.0
got a packet from 8e83, length 0



Got data segment 9074/141.0
got a packet from 9074, length 0



Got data segment 8e83/142.0
got a packet from 8e83, length 0



Got data segment 9074/142.0
got a packet from 9074, length 0



Got data segment 64e7/142.0
got a packet from 64e7, length 0



Got data segment 8e83/143.0
got a packet from 8e83, length 0



Got data segment 9074/143.0
got a packet from 9074, length 0



Got data segment 64e7/144.0
got a packet from 64e7, length 0



Got data segment 64e7/145.0
got a packet from 64e7, length 0



Got data segment 64e7/146.0
got a packet from 64e7, length 0



Got data segment 8e83/144.0
got a packet from 8e83, length 0



Got data segment 9074/144.0
got a packet from 9074, length 0



Got data segment 64e7/147.0
got a packet from 64e7, length 0



Got data segment 8e83/145.0
got a packet from 8e83, length 0



Got data segment 9074/145.0
got a packet from 9074, length 0



Got data segment 64e7/148.0
got a packet from 64e7, length 0



Got data segment 8e83/146.0
got a packet from 8e83, length 0



Got data segment 9074/146.0
got a packet from 9074, length 0



Got data segment 64e7/149.0
got a packet from 64e7, length 0



Got data segment 8e83/147.0
got a packet from 8e83, length 0



Got data segment 9074/147.0
got a packet from 9074, length 0



Got data segment 64e7/150.0
got a packet from 64e7, length 0



Got data segment 8e83/148.0
got a packet from 8e83, length 0



Got data segment 9074/148.0
got a packet from 9074, length 0



Got data segment 64e7/151.0
got a packet from 64e7, length 0



Got data segment 8e83/149.0
got a packet from 8e83, length 0



Got data segment 9074/149.0
got a packet from 9074, length 0



Got data segment 64e7/152.0
got a packet from 64e7, length 0



Got data segment 8e83/150.0
got a packet from 8e83, length 0



Got data segment 9074/150.0
got a packet from 9074, length 0



Got data segment 64e7/153.0
got a packet from 64e7, length 0



Got data segment 8e83/151.0
got a packet from 8e83, length 0



Got data segment 9074/151.0
got a packet from 9074, length 0



Got data segment 64e7/154.0
got a packet from 64e7, length 0



Got data segment 8e83/152.0
got a packet from 8e83, length 0



Got data segment 9074/152.0
got a packet from 9074, length 0



Got data segment 64e7/155.0
got a packet from 64e7, length 0



Got data segment 8e83/153.0
got a packet from 8e83, length 0



Got data segment 9074/153.0
got a packet from 9074, length 0



Got data segment 64e7/156.0
got a packet from 64e7, length 0



Got data segment 8e83/154.0
got a packet from 8e83, length 0



Got data segment 9074/154.0
got a packet from 9074, length 0



Got data segment 64e7/157.0
got a packet from 64e7, length 0



Got data segment 8e83/155.0
got a packet from 8e83, length 0



Got data segment 9074/155.0
got a packet from 9074, length 0



Got data segment 64e7/158.0
got a packet from 64e7, length 0



Got data segment 8e83/156.0
got a packet from 8e83, length 0



Got data segment 9074/156.0
got a packet from 9074, length 0



Got data segment 64e7/159.0
got a packet from 64e7, length 0



Got data segment 8e83/157.0
got a packet from 8e83, length 0



Got data segment 9074/157.0
got a packet from 9074, length 0



Got data segment 64e7/160.0
got a packet from 64e7, length 0



Got data segment 8e83/158.0
got a packet from 8e83, length 0



Got data segment 9074/158.0
got a packet from 9074, length 0



Got data segment 64e7/161.0
got a packet from 64e7, length 0



Got data segment 8e83/159.0
got a packet from 8e83, length 0



Got data segment 9074/159.0
got a packet from 9074, length 0



Got data segment 64e7/162.0
got a packet from 64e7, length 0



Got data segment 8e83/160.0
got a packet from 8e83, length 0



Got data segment 9074/160.0
got a packet from 9074, length 0



Got data segment 64e7/163.0
got a packet from 64e7, length 0



Got data segment 8e83/161.0
got a packet from 8e83, length 0



Got data segment 9074/161.0
got a packet from 9074, length 0



Got data segment 64e7/164.0
got a packet from 64e7, length 0



Got data segment 8e83/162.0
got a packet from 8e83, length 0



Got data segment 9074/162.0
got a packet from 9074, length 0



Got data segment 64e7/165.0
got a packet from 64e7, length 0



Got data segment 8e83/163.0
got a packet from 8e83, length 0



Got data segment 9074/163.0
got a packet from 9074, length 0



Got data segment 64e7/166.0
got a packet from 64e7, length 0



Got data segment 8e83/164.0
got a packet from 8e83, length 0



Got data segment 9074/164.0
got a packet from 9074, length 0



Got data segment 64e7/167.0
got a packet from 64e7, length 0



Got data segment 8e83/165.0
got a packet from 8e83, length 0



Got data segment 9074/165.0
got a packet from 9074, length 0



Got data segment 64e7/168.0
got a packet from 64e7, length 0



Got data segment 8e83/166.0
got a packet from 8e83, length 0



Got data segment 9074/166.0
got a packet from 9074, length 0



Got data segment 64e7/169.0
got a packet from 64e7, length 0



Got data segment 8e83/167.0
got a packet from 8e83, length 0



Got data segment 9074/167.0
got a packet from 9074, length 0



Got data segment 64e7/170.0
got a packet from 64e7, length 0



Got data segment 8e83/168.0
got a packet from 8e83, length 0



Got data segment 9074/168.0
got a packet from 9074, length 0



Got data segment 64e7/171.0
got a packet from 64e7, length 0



Got data segment 8e83/169.0
got a packet from 8e83, length 0



Got data segment 9074/169.0
got a packet from 9074, length 0



Got data segment 64e7/172.0
got a packet from 64e7, length 0



Got data segment 8e83/170.0
got a packet from 8e83, length 0



Got data segment 9074/170.0
got a packet from 9074, length 0



Got data segment 64e7/173.0
got a packet from 64e7, length 0



Got data segment 8e83/171.0
got a packet from 8e83, length 0



Got data segment 9074/171.0
got a packet from 9074, length 0



Got data segment 64e7/174.0
got a packet from 64e7, length 0



Got data segment 8e83/172.0
got a packet from 8e83, length 0



Got data segment 9074/172.0
got a packet from 9074, length 0



Got data segment 64e7/175.0
got a packet from 64e7, length 0



Got data segment 8e83/173.0
got a packet from 8e83, length 0



Got data segment 9074/173.0
got a packet from 9074, length 0



Got data segment 64e7/176.0
got a packet from 64e7, length 0



Got data segment 8e83/174.0
got a packet from 8e83, length 0



Got data segment 9074/174.0
got a packet from 9074, length 0



Got data segment 64e7/177.0
got a packet from 64e7, length 0



Got data segment 8e83/175.0
got a packet from 8e83, length 0



Got data segment 9074/175.0
got a packet from 9074, length 0



Got data segment 64e7/178.0
got a packet from 64e7, length 0



Got data segment 8e83/176.0
got a packet from 8e83, length 0



Got data segment 9074/176.0
got a packet from 9074, length 0



Got data segment 64e7/179.0
got a packet from 64e7, length 0



Got data segment 8e83/177.0
got a packet from 8e83, length 0



Got data segment 9074/177.0
got a packet from 9074, length 0



Got data segment 64e7/180.0
got a packet from 64e7, length 0



Got data segment 8e83/178.0
got a packet from 8e83, length 0



Got data segment 9074/178.0
got a packet from 9074, length 0



Got data segment 64e7/181.0
got a packet from 64e7, length 0



Got data segment 8e83/179.0
got a packet from 8e83, length 0



Got data segment 9074/179.0
got a packet from 9074, length 0



Got data segment 64e7/182.0
got a packet from 64e7, length 0



Got data segment 8e83/180.0
got a packet from 8e83, length 0



Got data segment 9074/180.0
got a packet from 9074, length 0



Got data segment 64e7/183.0
got a packet from 64e7, length 0



Got data segment 8e83/181.0
got a packet from 8e83, length 0



Got data segment 9074/181.0
got a packet from 9074, length 0



Got data segment 64e7/184.0
got a packet from 64e7, length 0



Got data segment 8e83/182.0
got a packet from 8e83, length 0



Got data segment 9074/182.0
got a packet from 9074, length 0



Got data segment 64e7/185.0
got a packet from 64e7, length 0



Got data segment 8e83/183.0
got a packet from 8e83, length 0



Got data segment 9074/183.0
got a packet from 9074, length 0



Got data segment 64e7/186.0
got a packet from 64e7, length 0



Got data segment 8e83/184.0
got a packet from 8e83, length 0



Got data segment 9074/184.0
got a packet from 9074, length 0



Got data segment 64e7/187.0
got a packet from 64e7, length 0



Got data segment 8e83/185.0
got a packet from 8e83, length 0



Got data segment 9074/185.0
got a packet from 9074, length 0



Got data segment 64e7/188.0
got a packet from 64e7, length 0



Got data segment 8e83/186.0
got a packet from 8e83, length 0



Got data segment 9074/186.0
got a packet from 9074, length 0



Got data segment 64e7/189.0
got a packet from 64e7, length 0



Got data segment 8e83/187.0
got a packet from 8e83, length 0



Got data segment 9074/187.0
got a packet from 9074, length 0



Got data segment 64e7/190.0
got a packet from 64e7, length 0



Got data segment 8e83/188.0
got a packet from 8e83, length 0



Got data segment 9074/188.0
got a packet from 9074, length 0



Got data segment 64e7/191.0
got a packet from 64e7, length 0



Got data segment 8e83/189.0
got a packet from 8e83, length 0



Got data segment 9074/189.0
got a packet from 9074, length 0



Got data segment 64e7/192.0
got a packet from 64e7, length 0



Got data segment 8e83/190.0
got a packet from 8e83, length 0



Got data segment 9074/190.0
got a packet from 9074, length 0



Got data segment 64e7/193.0
got a packet from 64e7, length 0



Got data segment 8e83/191.0
got a packet from 8e83, length 0



Got data segment 9074/191.0
got a packet from 9074, length 0



Got data segment 64e7/194.0
got a packet from 64e7, length 0



Got data segment 8e83/192.0
got a packet from 8e83, length 0



Got data segment 9074/192.0
got a packet from 9074, length 0



Got data segment 64e7/195.0
got a packet from 64e7, length 0



Got data segment 8e83/193.0
got a packet from 8e83, length 0



Got data segment 9074/193.0
got a packet from 9074, length 0



Got data segment 64e7/196.0
got a packet from 64e7, length 0



Got data segment 8e83/194.0
got a packet from 8e83, length 0



Got data segment 9074/194.0
got a packet from 9074, length 0



Got data segment 64e7/197.0
got a packet from 64e7, length 0



Got data segment 8e83/195.0
got a packet from 8e83, length 0



Got data segment 9074/195.0
got a packet from 9074, length 0



Got data segment 64e7/198.0
got a packet from 64e7, length 0



Got data segment 8e83/196.0
got a packet from 8e83, length 0



Got data segment 9074/196.0
got a packet from 9074, length 0



Got data segment 64e7/199.0
got a packet from 64e7, length 0



Got data segment 8e83/197.0
got a packet from 8e83, length 0



Got data segment 9074/197.0
got a packet from 9074, length 0



Got data segment 64e7/200.0
got a packet from 64e7, length 0



Got data segment 8e83/198.0
got a packet from 8e83, length 0



Got data segment 9074/198.0
got a packet from 9074, length 0



Got data segment 64e7/201.0
got a packet from 64e7, length 0



Got data segment 9074/199.0
got a packet from 9074, length 0



Got data segment 64e7/202.0
got a packet from 64e7, length 0



Got data segment 8e83/200.0
got a packet from 8e83, length 0



Got data segment 9074/200.0
got a packet from 9074, length 0



Got data segment 64e7/203.0
got a packet from 64e7, length 0



Got data segment 8e83/202.0
got a packet from 8e83, length 0



Got data segment 8e83/203.0
got a packet from 8e83, length 0



Got data segment 8e83/204.0
got a packet from 8e83, length 0



Got data segment 9074/201.0
got a packet from 9074, length 0



Got data segment 64e7/204.0
got a packet from 64e7, length 0



Got data segment 8e83/205.0
got a packet from 8e83, length 0



Got data segment 9074/202.0
got a packet from 9074, length 0



Got data segment 64e7/205.0
got a packet from 64e7, length 0



Got data segment 8e83/206.0
got a packet from 8e83, length 0



Got data segment 9074/203.0
got a packet from 9074, length 0



Got data segment 64e7/206.0
got a packet from 64e7, length 0



Got data segment 8e83/207.0
got a packet from 8e83, length 0



Got data segment 9074/204.0
got a packet from 9074, length 0



Got data segment 8e83/208.0
got a packet from 8e83, length 0



Got data segment 64e7/207.0
got a packet from 64e7, length 0



Got data segment 9074/205.0
got a packet from 9074, length 0



Got data segment 64e7/208.0
got a packet from 64e7, length 0



Got data segment 8e83/209.0
got a packet from 8e83, length 0



Got data segment 9074/206.0
got a packet from 9074, length 0



Got data segment 64e7/209.0
got a packet from 64e7, length 0



Got data segment 8e83/210.0
got a packet from 8e83, length 0



Got data segment 9074/207.0
got a packet from 9074, length 0



Got data segment 64e7/210.0
got a packet from 64e7, length 0



Got data segment 8e83/211.0
got a packet from 8e83, length 0



Got data segment 9074/208.0
got a packet from 9074, length 0



Got data segment 64e7/211.0
got a packet from 64e7, length 0



Got data segment 8e83/212.0
got a packet from 8e83, length 0



Got data segment 9074/209.0
got a packet from 9074, length 0



Got data segment 64e7/212.0
got a packet from 64e7, length 0



Got data segment 8e83/213.0
got a packet from 8e83, length 0



Got data segment 9074/210.0
got a packet from 9074, length 0



Got data segment 64e7/213.0
got a packet from 64e7, length 0



Got data segment 8e83/214.0
got a packet from 8e83, length 0



Got data segment 9074/211.0
got a packet from 9074, length 0



Got data segment 64e7/214.0
got a packet from 64e7, length 0



Got data segment 8e83/215.0
got a packet from 8e83, length 0



Got data segment 64e7/215.0
got a packet from 64e7, length 0



Got data segment 8e83/216.0
got a packet from 8e83, length 0



Got data segment 9074/213.0
got a packet from 9074, length 0



Got data segment 64e7/216.0
got a packet from 64e7, length 0



Got data segment 8e83/217.0
got a packet from 8e83, length 0



Got data segment 9074/215.0
got a packet from 9074, length 0



Got data segment 9074/216.0
got a packet from 9074, length 0



Got data segment 9074/217.0
got a packet from 9074, length 0



Got data segment 64e7/217.0
got a packet from 64e7, length 0



Got data segment 8e83/218.0
got a packet from 8e83, length 0



Got data segment 9074/218.0
got a packet from 9074, length 0



Got data segment 64e7/218.0
got a packet from 64e7, length 0



Got data segment 8e83/219.0
got a packet from 8e83, length 0



Got data segment 9074/219.0
got a packet from 9074, length 0



Got data segment 64e7/219.0
got a packet from 64e7, length 0



Got data segment 8e83/220.0
got a packet from 8e83, length 0



Got data segment 9074/220.0
got a packet from 9074, length 0



Got data segment 64e7/220.0
got a packet from 64e7, length 0



Got data segment 8e83/221.0
got a packet from 8e83, length 0



Got data segment 9074/221.0
got a packet from 9074, length 0



Got data segment 64e7/221.0
got a packet from 64e7, length 0



Got data segment 8e83/222.0
got a packet from 8e83, length 0



Got data segment 9074/222.0
got a packet from 9074, length 0



Got data segment 64e7/222.0
got a packet from 64e7, length 0



Got data segment 8e83/223.0
got a packet from 8e83, length 0



Got data segment 9074/223.0
got a packet from 9074, length 0



Got data segment 64e7/223.0
got a packet from 64e7, length 0



Got data segment 8e83/224.0
got a packet from 8e83, length 0



Got data segment 9074/224.0
got a packet from 9074, length 0



Got data segment 64e7/224.0
got a packet from 64e7, length 0



Got data segment 8e83/225.0
got a packet from 8e83, length 0



Got data segment 9074/225.0
got a packet from 9074, length 0



Got data segment 64e7/225.0
got a packet from 64e7, length 0



Got data segment 8e83/226.0
got a packet from 8e83, length 0



Got data segment 9074/226.0
got a packet from 9074, length 0



Got data segment 64e7/226.0
got a packet from 64e7, length 0



Got data segment 8e83/227.0
got a packet from 8e83, length 0



Got data segment 9074/227.0
got a packet from 9074, length 0



Got data segment 64e7/227.0
got a packet from 64e7, length 0



Got data segment 8e83/228.0
got a packet from 8e83, length 0



Got data segment 9074/228.0
got a packet from 9074, length 0



Got data segment 64e7/228.0
got a packet from 64e7, length 0



Got data segment 8e83/229.0
got a packet from 8e83, length 0



Got data segment 9074/229.0
got a packet from 9074, length 0



Got data segment 64e7/229.0
got a packet from 64e7, length 0



Got data segment 8e83/230.0
got a packet from 8e83, length 0



Got data segment 9074/230.0
got a packet from 9074, length 0



Got data segment 64e7/230.0
got a packet from 64e7, length 0



Got data segment 8e83/231.0
got a packet from 8e83, length 0



Got data segment 9074/231.0
got a packet from 9074, length 0



Got data segment 64e7/231.0
got a packet from 64e7, length 0



Got data segment 8e83/232.0
got a packet from 8e83, length 0



Got data segment 9074/232.0
got a packet from 9074, length 0



Got data segment 64e7/232.0
got a packet from 64e7, length 0



Got data segment 8e83/233.0
got a packet from 8e83, length 0



Got data segment 9074/233.0
got a packet from 9074, length 0



Got data segment 64e7/233.0
got a packet from 64e7, length 0



Got data segment 8e83/234.0
got a packet from 8e83, length 0



Got data segment 9074/234.0
got a packet from 9074, length 0



Got data segment 64e7/234.0
got a packet from 64e7, length 0



Got data segment 8e83/235.0
got a packet from 8e83, length 0



Got data segment 9074/235.0
got a packet from 9074, length 0



Got data segment 64e7/235.0
got a packet from 64e7, length 0



Got data segment 8e83/236.0
got a packet from 8e83, length 0



Got data segment 9074/236.0
got a packet from 9074, length 0



Got data segment 64e7/236.0
got a packet from 64e7, length 0



Got data segment 8e83/237.0
got a packet from 8e83, length 0



Got data segment 9074/237.0
got a packet from 9074, length 0



Got data segment 64e7/237.0
got a packet from 64e7, length 0



Got data segment 8e83/238.0
got a packet from 8e83, length 0



Got data segment 9074/238.0
got a packet from 9074, length 0



Got data segment 64e7/238.0
got a packet from 64e7, length 0



Got data segment 8e83/239.0
got a packet from 8e83, length 0



Got data segment 9074/239.0
got a packet from 9074, length 0



Got data segment 64e7/239.0
got a packet from 64e7, length 0
