Hub Address: 2048
Sensor: hydrabridge(3)
Time (UTC), Time (Secs), Value Type, Value, Unit
2016(Y)|3(M)|7(D)|14(h)|25(m)|17(s), 1457360717.05, temp,+20.7,C,
2016(Y)|3(M)|7(D)|14(h)|25(m)|17(s), 1457360717.05, temp,+69.2,F,
2016(Y)|3(M)|7(D)|14(h)|25(m)|17(s), 1457360717.05, moist,+0.000,WFV,
2016(Y)|3(M)|7(D)|14(h)|25(m)|32(s), 1457360732.06, temp,+20.9,C,
2016(Y)|3(M)|7(D)|14(h)|25(m)|32(s), 1457360732.06, temp,+69.6,F,
2016(Y)|3(M)|7(D)|14(h)|25(m)|32(s), 1457360732.06, moist,+0.000,WFV,
2016(Y)|3(M)|7(D)|14(h)|25(m)|47(s), 1457360747.08, temp,+20.7,C,
2016(Y)|3(M)|7(D)|14(h)|25(m)|47(s), 1457360747.08, temp,+69.2,F,
2016(Y)|3(M)|7(D)|14(h)|25(m)|47(s), 1457360747.08, moist,+0.000,WFV,
2016(Y)|3(M)|7(D)|14(h)|26(m)|2(s), 1457360762.09, temp,+20.7,C,
2016(Y)|3(M)|7(D)|14(h)|26(m)|2(s), 1457360762.09, temp,+69.2,F,
2016(Y)|3(M)|7(D)|14(h)|26(m)|2(s), 1457360762.09, moist,+0.000,WFV,
2016(Y)|3(M)|7(D)|14(h)|26(m)|17(s), 1457360777.1, temp,+20.7,C,
2016(Y)|3(M)|7(D)|14(h)|26(m)|17(s), 1457360777.1, temp,+69.2,F,
2016(Y)|3(M)|7(D)|14(h)|26(m)|17(s), 1457360777.1, moist,+0.000,WFV,
2016(Y)|3(M)|7(D)|14(h)|26(m)|32(s), 1457360792.11, temp,+20.7,C,
2016(Y)|3(M)|7(D)|14(h)|26(m)|32(s), 1457360792.11, temp,+69.2,F,
2016(Y)|3(M)|7(D)|14(h)|26(m)|32(s), 1457360792.11, moist,+0.000,WFV,
2016(Y)|3(M)|7(D)|14(h)|26(m)|47(s), 1457360807.12, temp,+20.7,C,
2016(Y)|3(M)|7(D)|14(h)|26(m)|47(s), 1457360807.12, temp,+69.2,F,
2016(Y)|3(M)|7(D)|14(h)|26(m)|47(s), 1457360807.12, moist,+0.000,WFV,
2016(Y)|3(M)|7(D)|14(h)|27(m)|2(s), 1457360822.14, temp,+20.5,C,
2016(Y)|3(M)|7(D)|14(h)|27(m)|2(s), 1457360822.14, temp,+68.9,F,
2016(Y)|3(M)|7(D)|14(h)|27(m)|2(s), 1457360822.14, moist,+0.000,WFV,
2016(Y)|3(M)|7(D)|14(h)|27(m)|17(s), 1457360837.15, temp,+20.9,C,
2016(Y)|3(M)|7(D)|14(h)|27(m)|17(s), 1457360837.15, temp,+69.6,F,
2016(Y)|3(M)|7(D)|14(h)|27(m)|17(s), 1457360837.15, moist,+0.000,WFV,
2016(Y)|3(M)|7(D)|14(h)|27(m)|32(s), 1457360852.16, temp,+20.9,C,
2016(Y)|3(M)|7(D)|14(h)|27(m)|32(s), 1457360852.16, temp,+69.6,F,
2016(Y)|3(M)|7(D)|14(h)|27(m)|32(s), 1457360852.16, moist,+0.000,WFV,
2016(Y)|3(M)|7(D)|14(h)|27(m)|47(s), 1457360867.17, temp,+20.7,C,
2016(Y)|3(M)|7(D)|14(h)|27(m)|47(s), 1457360867.17, temp,+69.2,F,
2016(Y)|3(M)|7(D)|14(h)|27(m)|47(s), 1457360867.17, moist,+0.000,WFV,
2016(Y)|3(M)|7(D)|14(h)|28(m)|2(s), 1457360882.19, temp,+20.7,C,
2016(Y)|3(M)|7(D)|14(h)|28(m)|2(s), 1457360882.19, temp,+69.2,F,
2016(Y)|3(M)|7(D)|14(h)|28(m)|2(s), 1457360882.19, moist,+0.000,WFV,
2016(Y)|3(M)|7(D)|14(h)|28(m)|17(s), 1457360897.2, temp,+20.7,C,
2016(Y)|3(M)|7(D)|14(h)|28(m)|17(s), 1457360897.2, temp,+69.2,F,
2016(Y)|3(M)|7(D)|14(h)|28(m)|17(s), 1457360897.2, moist,+0.000,WFV,
2016(Y)|3(M)|7(D)|14(h)|28(m)|32(s), 1457360912.22, temp,+20.5,C,
2016(Y)|3(M)|7(D)|14(h)|28(m)|32(s), 1457360912.22, temp,+68.9,F,
2016(Y)|3(M)|7(D)|14(h)|28(m)|32(s), 1457360912.22, moist,+0.000,WFV,
2016(Y)|3(M)|7(D)|14(h)|28(m)|47(s), 1457360927.23, temp,+20.9,C,
2016(Y)|3(M)|7(D)|14(h)|28(m)|47(s), 1457360927.23, temp,+69.6,F,
2016(Y)|3(M)|7(D)|14(h)|28(m)|47(s), 1457360927.23, moist,+0.000,WFV,
2016(Y)|3(M)|7(D)|14(h)|29(m)|2(s), 1457360942.25, temp,+20.9,C,
2016(Y)|3(M)|7(D)|14(h)|29(m)|2(s), 1457360942.25, temp,+69.6,F,
2016(Y)|3(M)|7(D)|14(h)|29(m)|2(s), 1457360942.25, moist,+0.000,WFV,
2016(Y)|3(M)|7(D)|14(h)|29(m)|17(s), 1457360957.26, temp,+20.9,C,
2016(Y)|3(M)|7(D)|14(h)|29(m)|17(s), 1457360957.26, temp,+69.6,F,
2016(Y)|3(M)|7(D)|14(h)|29(m)|17(s), 1457360957.26, moist,+0.000,WFV,
2016(Y)|3(M)|7(D)|14(h)|29(m)|32(s), 1457360972.28, temp,+20.9,C,
2016(Y)|3(M)|7(D)|14(h)|29(m)|32(s), 1457360972.28, temp,+69.6,F,
2016(Y)|3(M)|7(D)|14(h)|29(m)|32(s), 1457360972.28, moist,+0.000,WFV,
2016(Y)|3(M)|7(D)|14(h)|29(m)|47(s), 1457360987.29, temp,+20.7,C,
2016(Y)|3(M)|7(D)|14(h)|29(m)|47(s), 1457360987.29, temp,+69.2,F,
2016(Y)|3(M)|7(D)|14(h)|29(m)|47(s), 1457360987.29, moist,+0.000,WFV,
2016(Y)|3(M)|7(D)|14(h)|30(m)|2(s), 1457361002.3, temp,+20.5,C,
2016(Y)|3(M)|7(D)|14(h)|30(m)|2(s), 1457361002.3, temp,+68.9,F,
2016(Y)|3(M)|7(D)|14(h)|30(m)|2(s), 1457361002.3, moist,+0.000,WFV,
2016(Y)|3(M)|7(D)|14(h)|30(m)|17(s), 1457361017.32, temp,+20.7,C,
2016(Y)|3(M)|7(D)|14(h)|30(m)|17(s), 1457361017.32, temp,+69.2,F,
2016(Y)|3(M)|7(D)|14(h)|30(m)|17(s), 1457361017.32, moist,+0.000,WFV,
2016(Y)|3(M)|7(D)|14(h)|30(m)|32(s), 1457361032.33, temp,+20.9,C,
2016(Y)|3(M)|7(D)|14(h)|30(m)|32(s), 1457361032.33, temp,+69.6,F,
2016(Y)|3(M)|7(D)|14(h)|30(m)|32(s), 1457361032.33, moist,+0.000,WFV,
2016(Y)|3(M)|7(D)|14(h)|30(m)|47(s), 1457361047.35, temp,+20.9,C,
2016(Y)|3(M)|7(D)|14(h)|30(m)|47(s), 1457361047.35, temp,+69.6,F,
2016(Y)|3(M)|7(D)|14(h)|30(m)|47(s), 1457361047.35, moist,+0.000,WFV,
2016(Y)|3(M)|7(D)|14(h)|31(m)|2(s), 1457361062.36, temp,+20.7,C,
2016(Y)|3(M)|7(D)|14(h)|31(m)|2(s), 1457361062.36, temp,+69.2,F,
2016(Y)|3(M)|7(D)|14(h)|31(m)|2(s), 1457361062.36, moist,+0.000,WFV,
2016(Y)|3(M)|7(D)|14(h)|31(m)|32(s), 1457361092.4, temp,+20.9,C,
2016(Y)|3(M)|7(D)|14(h)|31(m)|32(s), 1457361092.4, temp,+69.6,F,
2016(Y)|3(M)|7(D)|14(h)|31(m)|32(s), 1457361092.4, moist,+0.000,WFV,
2016(Y)|3(M)|7(D)|14(h)|31(m)|47(s), 1457361107.41, temp,+20.9,C,
2016(Y)|3(M)|7(D)|14(h)|31(m)|47(s), 1457361107.41, temp,+69.6,F,
2016(Y)|3(M)|7(D)|14(h)|31(m)|47(s), 1457361107.41, moist,+0.000,WFV,
2016(Y)|3(M)|7(D)|14(h)|32(m)|2(s), 1457361122.43, temp,+20.9,C,
2016(Y)|3(M)|7(D)|14(h)|32(m)|2(s), 1457361122.43, temp,+69.6,F,
2016(Y)|3(M)|7(D)|14(h)|32(m)|2(s), 1457361122.43, moist,+0.000,WFV,
2016(Y)|3(M)|7(D)|14(h)|32(m)|17(s), 1457361137.44, temp,+20.9,C,
2016(Y)|3(M)|7(D)|14(h)|32(m)|17(s), 1457361137.44, temp,+69.6,F,
2016(Y)|3(M)|7(D)|14(h)|32(m)|17(s), 1457361137.44, moist,+0.000,WFV,
2016(Y)|3(M)|7(D)|14(h)|32(m)|32(s), 1457361152.45, temp,+20.9,C,
2016(Y)|3(M)|7(D)|14(h)|32(m)|32(s), 1457361152.45, temp,+69.6,F,
2016(Y)|3(M)|7(D)|14(h)|32(m)|32(s), 1457361152.45, moist,+0.000,WFV,
2016(Y)|3(M)|7(D)|14(h)|32(m)|47(s), 1457361167.47, temp,+20.9,C,
2016(Y)|3(M)|7(D)|14(h)|32(m)|47(s), 1457361167.47, temp,+69.6,F,
2016(Y)|3(M)|7(D)|14(h)|32(m)|47(s), 1457361167.47, moist,+0.000,WFV,
2016(Y)|3(M)|7(D)|14(h)|33(m)|2(s), 1457361182.48, temp,+20.9,C,
2016(Y)|3(M)|7(D)|14(h)|33(m)|2(s), 1457361182.48, temp,+69.6,F,
2016(Y)|3(M)|7(D)|14(h)|33(m)|2(s), 1457361182.48, moist,+0.000,WFV,
2016(Y)|3(M)|7(D)|14(h)|33(m)|17(s), 1457361197.49, temp,+20.9,C,
2016(Y)|3(M)|7(D)|14(h)|33(m)|17(s), 1457361197.49, temp,+69.6,F,
2016(Y)|3(M)|7(D)|14(h)|33(m)|17(s), 1457361197.49, moist,+0.000,WFV,
2016(Y)|3(M)|7(D)|14(h)|33(m)|32(s), 1457361212.5, temp,+20.7,C,
2016(Y)|3(M)|7(D)|14(h)|33(m)|32(s), 1457361212.5, temp,+69.2,F,
2016(Y)|3(M)|7(D)|14(h)|33(m)|32(s), 1457361212.5, moist,+0.000,WFV,
2016(Y)|3(M)|7(D)|14(h)|33(m)|47(s), 1457361227.52, temp,+20.9,C,
2016(Y)|3(M)|7(D)|14(h)|33(m)|47(s), 1457361227.52, temp,+69.6,F,
2016(Y)|3(M)|7(D)|14(h)|33(m)|47(s), 1457361227.52, moist,+0.000,WFV,
2016(Y)|3(M)|7(D)|14(h)|34(m)|2(s), 1457361242.53, temp,+20.9,C,
2016(Y)|3(M)|7(D)|14(h)|34(m)|2(s), 1457361242.53, temp,+69.6,F,
2016(Y)|3(M)|7(D)|14(h)|34(m)|2(s), 1457361242.53, moist,+0.000,WFV,
2016(Y)|3(M)|7(D)|14(h)|34(m)|17(s), 1457361257.55, temp,+20.9,C,
2016(Y)|3(M)|7(D)|14(h)|34(m)|17(s), 1457361257.55, temp,+69.6,F,
2016(Y)|3(M)|7(D)|14(h)|34(m)|17(s), 1457361257.55, moist,+0.000,WFV,
2016(Y)|3(M)|7(D)|14(h)|34(m)|32(s), 1457361272.57, temp,+20.9,C,
2016(Y)|3(M)|7(D)|14(h)|34(m)|32(s), 1457361272.57, temp,+69.6,F,
2016(Y)|3(M)|7(D)|14(h)|34(m)|32(s), 1457361272.57, moist,+0.000,WFV,
2016(Y)|3(M)|7(D)|14(h)|34(m)|47(s), 1457361287.58, temp,+20.9,C,
2016(Y)|3(M)|7(D)|14(h)|34(m)|47(s), 1457361287.58, temp,+69.6,F,
2016(Y)|3(M)|7(D)|14(h)|34(m)|47(s), 1457361287.58, moist,+0.000,WFV,
2016(Y)|3(M)|7(D)|14(h)|35(m)|2(s), 1457361302.6, temp,+20.9,C,
2016(Y)|3(M)|7(D)|14(h)|35(m)|2(s), 1457361302.6, temp,+69.6,F,
2016(Y)|3(M)|7(D)|14(h)|35(m)|2(s), 1457361302.6, moist,+0.000,WFV,
2016(Y)|3(M)|7(D)|14(h)|35(m)|17(s), 1457361317.61, temp,+20.9,C,
2016(Y)|3(M)|7(D)|14(h)|35(m)|17(s), 1457361317.61, temp,+69.6,F,
2016(Y)|3(M)|7(D)|14(h)|35(m)|17(s), 1457361317.61, moist,+0.000,WFV,
2016(Y)|3(M)|7(D)|14(h)|35(m)|32(s), 1457361332.63, temp,+20.7,C,
2016(Y)|3(M)|7(D)|14(h)|35(m)|32(s), 1457361332.63, temp,+69.2,F,
2016(Y)|3(M)|7(D)|14(h)|35(m)|32(s), 1457361332.63, moist,+0.000,WFV,
2016(Y)|3(M)|7(D)|14(h)|35(m)|47(s), 1457361347.65, temp,+20.9,C,
2016(Y)|3(M)|7(D)|14(h)|35(m)|47(s), 1457361347.65, temp,+69.6,F,
2016(Y)|3(M)|7(D)|14(h)|35(m)|47(s), 1457361347.65, moist,+0.000,WFV,
2016(Y)|3(M)|7(D)|14(h)|36(m)|2(s), 1457361362.66, temp,+20.9,C,
2016(Y)|3(M)|7(D)|14(h)|36(m)|2(s), 1457361362.66, temp,+69.6,F,
2016(Y)|3(M)|7(D)|14(h)|36(m)|2(s), 1457361362.66, moist,+0.000,WFV,
2016(Y)|3(M)|7(D)|14(h)|36(m)|17(s), 1457361377.68, temp,+20.9,C,
2016(Y)|3(M)|7(D)|14(h)|36(m)|17(s), 1457361377.68, temp,+69.6,F,
2016(Y)|3(M)|7(D)|14(h)|36(m)|17(s), 1457361377.68, moist,+0.000,WFV,
2016(Y)|3(M)|7(D)|14(h)|36(m)|32(s), 1457361392.69, temp,+20.9,C,
2016(Y)|3(M)|7(D)|14(h)|36(m)|32(s), 1457361392.69, temp,+69.6,F,
2016(Y)|3(M)|7(D)|14(h)|36(m)|32(s), 1457361392.69, moist,+0.000,WFV,
2016(Y)|3(M)|7(D)|14(h)|36(m)|47(s), 1457361407.71, temp,+20.9,C,
2016(Y)|3(M)|7(D)|14(h)|36(m)|47(s), 1457361407.71, temp,+69.6,F,
2016(Y)|3(M)|7(D)|14(h)|36(m)|47(s), 1457361407.71, moist,+0.000,WFV,
2016(Y)|3(M)|7(D)|14(h)|37(m)|2(s), 1457361422.72, temp,+20.9,C,
2016(Y)|3(M)|7(D)|14(h)|37(m)|2(s), 1457361422.72, temp,+69.6,F,
2016(Y)|3(M)|7(D)|14(h)|37(m)|2(s), 1457361422.72, moist,+0.000,WFV,
2016(Y)|3(M)|7(D)|14(h)|37(m)|17(s), 1457361437.74, temp,+20.9,C,
2016(Y)|3(M)|7(D)|14(h)|37(m)|17(s), 1457361437.74, temp,+69.6,F,
2016(Y)|3(M)|7(D)|14(h)|37(m)|17(s), 1457361437.74, moist,+0.000,WFV,
2016(Y)|3(M)|7(D)|14(h)|37(m)|32(s), 1457361452.76, temp,+20.9,C,
2016(Y)|3(M)|7(D)|14(h)|37(m)|32(s), 1457361452.76, temp,+69.6,F,
2016(Y)|3(M)|7(D)|14(h)|37(m)|32(s), 1457361452.76, moist,+0.000,WFV,
2016(Y)|3(M)|7(D)|14(h)|37(m)|47(s), 1457361467.77, temp,+20.9,C,
2016(Y)|3(M)|7(D)|14(h)|37(m)|47(s), 1457361467.77, temp,+69.6,F,
2016(Y)|3(M)|7(D)|14(h)|37(m)|47(s), 1457361467.77, moist,+0.000,WFV,
2016(Y)|3(M)|7(D)|14(h)|38(m)|2(s), 1457361482.78, temp,+20.9,C,
2016(Y)|3(M)|7(D)|14(h)|38(m)|2(s), 1457361482.78, temp,+69.6,F,
2016(Y)|3(M)|7(D)|14(h)|38(m)|2(s), 1457361482.78, moist,+0.000,WFV,
2016(Y)|3(M)|7(D)|14(h)|38(m)|17(s), 1457361497.8, temp,+20.9,C,
2016(Y)|3(M)|7(D)|14(h)|38(m)|17(s), 1457361497.8, temp,+69.6,F,
2016(Y)|3(M)|7(D)|14(h)|38(m)|17(s), 1457361497.8, moist,+0.000,WFV,
2016(Y)|3(M)|7(D)|14(h)|38(m)|32(s), 1457361512.81, temp,+20.9,C,
2016(Y)|3(M)|7(D)|14(h)|38(m)|32(s), 1457361512.81, temp,+69.6,F,
2016(Y)|3(M)|7(D)|14(h)|38(m)|32(s), 1457361512.81, moist,+0.000,WFV,
2016(Y)|3(M)|7(D)|14(h)|38(m)|47(s), 1457361527.83, temp,+20.9,C,
2016(Y)|3(M)|7(D)|14(h)|38(m)|47(s), 1457361527.83, temp,+69.6,F,
2016(Y)|3(M)|7(D)|14(h)|38(m)|47(s), 1457361527.83, moist,+0.000,WFV,
2016(Y)|3(M)|7(D)|14(h)|39(m)|2(s), 1457361542.85, temp,+20.9,C,
2016(Y)|3(M)|7(D)|14(h)|39(m)|2(s), 1457361542.85, temp,+69.6,F,
2016(Y)|3(M)|7(D)|14(h)|39(m)|2(s), 1457361542.85, moist,+0.000,WFV,
2016(Y)|3(M)|7(D)|14(h)|39(m)|17(s), 1457361557.86, temp,+20.9,C,
2016(Y)|3(M)|7(D)|14(h)|39(m)|17(s), 1457361557.86, temp,+69.6,F,
2016(Y)|3(M)|7(D)|14(h)|39(m)|17(s), 1457361557.86, moist,+0.000,WFV,
2016(Y)|3(M)|7(D)|14(h)|39(m)|32(s), 1457361572.88, temp,+20.9,C,
2016(Y)|3(M)|7(D)|14(h)|39(m)|32(s), 1457361572.88, temp,+69.6,F,
2016(Y)|3(M)|7(D)|14(h)|39(m)|32(s), 1457361572.88, moist,+0.000,WFV,
2016(Y)|3(M)|7(D)|14(h)|39(m)|47(s), 1457361587.89, temp,+20.9,C,
2016(Y)|3(M)|7(D)|14(h)|39(m)|47(s), 1457361587.89, temp,+69.6,F,
2016(Y)|3(M)|7(D)|14(h)|39(m)|47(s), 1457361587.89, moist,+0.000,WFV,
2016(Y)|3(M)|7(D)|14(h)|40(m)|2(s), 1457361602.91, temp,+20.9,C,
2016(Y)|3(M)|7(D)|14(h)|40(m)|2(s), 1457361602.91, temp,+69.6,F,
2016(Y)|3(M)|7(D)|14(h)|40(m)|2(s), 1457361602.91, moist,+0.000,WFV,
2016(Y)|3(M)|7(D)|14(h)|40(m)|17(s), 1457361617.93, temp,+21.1,C,
2016(Y)|3(M)|7(D)|14(h)|40(m)|17(s), 1457361617.93, temp,+70.0,F,
2016(Y)|3(M)|7(D)|14(h)|40(m)|17(s), 1457361617.93, moist,+0.000,WFV,
2016(Y)|3(M)|7(D)|14(h)|40(m)|32(s), 1457361632.94, temp,+20.9,C,
2016(Y)|3(M)|7(D)|14(h)|40(m)|32(s), 1457361632.94, temp,+69.6,F,
2016(Y)|3(M)|7(D)|14(h)|40(m)|32(s), 1457361632.94, moist,+0.000,WFV,
2016(Y)|3(M)|7(D)|14(h)|40(m)|47(s), 1457361647.95, temp,+21.1,C,
2016(Y)|3(M)|7(D)|14(h)|40(m)|47(s), 1457361647.95, temp,+70.0,F,
2016(Y)|3(M)|7(D)|14(h)|40(m)|47(s), 1457361647.95, moist,+0.000,WFV,
2016(Y)|3(M)|7(D)|14(h)|41(m)|2(s), 1457361662.97, temp,+20.9,C,
2016(Y)|3(M)|7(D)|14(h)|41(m)|2(s), 1457361662.97, temp,+69.6,F,
2016(Y)|3(M)|7(D)|14(h)|41(m)|2(s), 1457361662.97, moist,+0.000,WFV,
2016(Y)|3(M)|7(D)|14(h)|41(m)|17(s), 1457361677.98, temp,+20.9,C,
2016(Y)|3(M)|7(D)|14(h)|41(m)|17(s), 1457361677.98, temp,+69.6,F,
2016(Y)|3(M)|7(D)|14(h)|41(m)|17(s), 1457361677.98, moist,+0.000,WFV,
2016(Y)|3(M)|7(D)|14(h)|41(m)|32(s), 1457361692.99, temp,+21.1,C,
2016(Y)|3(M)|7(D)|14(h)|41(m)|32(s), 1457361692.99, temp,+70.0,F,
2016(Y)|3(M)|7(D)|14(h)|41(m)|32(s), 1457361692.99, moist,+0.000,WFV,
2016(Y)|3(M)|7(D)|14(h)|41(m)|48(s), 1457361708.0, temp,+20.9,C,
2016(Y)|3(M)|7(D)|14(h)|41(m)|48(s), 1457361708.0, temp,+69.6,F,
2016(Y)|3(M)|7(D)|14(h)|41(m)|48(s), 1457361708.0, moist,+0.000,WFV,
2016(Y)|3(M)|7(D)|14(h)|42(m)|3(s), 1457361723.02, temp,+20.9,C,
2016(Y)|3(M)|7(D)|14(h)|42(m)|3(s), 1457361723.02, temp,+69.6,F,
2016(Y)|3(M)|7(D)|14(h)|42(m)|3(s), 1457361723.02, moist,+0.000,WFV,
2016(Y)|3(M)|7(D)|14(h)|42(m)|31(s), 1457361751.6, temp,+20.9,C,
2016(Y)|3(M)|7(D)|14(h)|42(m)|31(s), 1457361751.6, temp,+69.6,F,
2016(Y)|3(M)|7(D)|14(h)|42(m)|31(s), 1457361751.6, moist,+0.000,WFV,
2016(Y)|3(M)|7(D)|14(h)|42(m)|34(s), 1457361754.73, temp,+20.9,C,
2016(Y)|3(M)|7(D)|14(h)|42(m)|34(s), 1457361754.73, temp,+69.6,F,
2016(Y)|3(M)|7(D)|14(h)|42(m)|34(s), 1457361754.73, moist,+0.000,WFV,
2016(Y)|3(M)|7(D)|14(h)|42(m)|48(s), 1457361768.07, temp,+20.9,C,
2016(Y)|3(M)|7(D)|14(h)|42(m)|48(s), 1457361768.07, temp,+69.6,F,
2016(Y)|3(M)|7(D)|14(h)|42(m)|48(s), 1457361768.07, moist,+0.000,WFV,
2016(Y)|3(M)|7(D)|14(h)|43(m)|3(s), 1457361783.08, temp,+20.9,C,
2016(Y)|3(M)|7(D)|14(h)|43(m)|3(s), 1457361783.08, temp,+69.6,F,
2016(Y)|3(M)|7(D)|14(h)|43(m)|3(s), 1457361783.08, moist,+0.000,WFV,
2016(Y)|3(M)|7(D)|14(h)|43(m)|18(s), 1457361798.1, temp,+20.9,C,
2016(Y)|3(M)|7(D)|14(h)|43(m)|18(s), 1457361798.1, temp,+69.6,F,
2016(Y)|3(M)|7(D)|14(h)|43(m)|18(s), 1457361798.1, moist,+0.000,WFV,
2016(Y)|3(M)|7(D)|14(h)|43(m)|33(s), 1457361813.11, temp,+21.1,C,
2016(Y)|3(M)|7(D)|14(h)|43(m)|33(s), 1457361813.11, temp,+70.0,F,
2016(Y)|3(M)|7(D)|14(h)|43(m)|33(s), 1457361813.11, moist,+0.000,WFV,
2016(Y)|3(M)|7(D)|14(h)|43(m)|48(s), 1457361828.13, temp,+20.9,C,
2016(Y)|3(M)|7(D)|14(h)|43(m)|48(s), 1457361828.13, temp,+69.6,F,
2016(Y)|3(M)|7(D)|14(h)|43(m)|48(s), 1457361828.13, moist,+0.000,WFV,
2016(Y)|3(M)|7(D)|14(h)|44(m)|3(s), 1457361843.14, temp,+21.1,C,
2016(Y)|3(M)|7(D)|14(h)|44(m)|3(s), 1457361843.14, temp,+70.0,F,
2016(Y)|3(M)|7(D)|14(h)|44(m)|3(s), 1457361843.14, moist,+0.000,WFV,
2016(Y)|3(M)|7(D)|14(h)|44(m)|18(s), 1457361858.16, temp,+20.9,C,
2016(Y)|3(M)|7(D)|14(h)|44(m)|18(s), 1457361858.16, temp,+69.6,F,
2016(Y)|3(M)|7(D)|14(h)|44(m)|18(s), 1457361858.16, moist,+0.000,WFV,
2016(Y)|3(M)|7(D)|14(h)|44(m)|33(s), 1457361873.17, temp,+20.9,C,
2016(Y)|3(M)|7(D)|14(h)|44(m)|33(s), 1457361873.17, temp,+69.6,F,
2016(Y)|3(M)|7(D)|14(h)|44(m)|33(s), 1457361873.17, moist,+0.000,WFV,
2016(Y)|3(M)|7(D)|14(h)|44(m)|48(s), 1457361888.19, temp,+21.1,C,
2016(Y)|3(M)|7(D)|14(h)|44(m)|48(s), 1457361888.19, temp,+70.0,F,
2016(Y)|3(M)|7(D)|14(h)|44(m)|48(s), 1457361888.19, moist,+0.000,WFV,
2016(Y)|3(M)|7(D)|14(h)|45(m)|3(s), 1457361903.2, temp,+20.9,C,
2016(Y)|3(M)|7(D)|14(h)|45(m)|3(s), 1457361903.2, temp,+69.6,F,
2016(Y)|3(M)|7(D)|14(h)|45(m)|3(s), 1457361903.2, moist,+0.000,WFV,
2016(Y)|3(M)|7(D)|14(h)|45(m)|18(s), 1457361918.21, temp,+20.9,C,
2016(Y)|3(M)|7(D)|14(h)|45(m)|18(s), 1457361918.21, temp,+69.6,F,
2016(Y)|3(M)|7(D)|14(h)|45(m)|18(s), 1457361918.21, moist,+0.000,WFV,
2016(Y)|3(M)|7(D)|14(h)|45(m)|33(s), 1457361933.22, temp,+21.1,C,
2016(Y)|3(M)|7(D)|14(h)|45(m)|33(s), 1457361933.22, temp,+70.0,F,
2016(Y)|3(M)|7(D)|14(h)|45(m)|33(s), 1457361933.22, moist,+0.000,WFV,
2016(Y)|3(M)|7(D)|14(h)|45(m)|48(s), 1457361948.23, temp,+21.1,C,
2016(Y)|3(M)|7(D)|14(h)|45(m)|48(s), 1457361948.23, temp,+70.0,F,
2016(Y)|3(M)|7(D)|14(h)|45(m)|48(s), 1457361948.23, moist,+0.000,WFV,
2016(Y)|3(M)|7(D)|14(h)|46(m)|3(s), 1457361963.24, temp,+21.1,C,
2016(Y)|3(M)|7(D)|14(h)|46(m)|3(s), 1457361963.24, temp,+70.0,F,
2016(Y)|3(M)|7(D)|14(h)|46(m)|3(s), 1457361963.24, moist,+0.000,WFV,
2016(Y)|3(M)|7(D)|14(h)|46(m)|18(s), 1457361978.26, temp,+21.1,C,
2016(Y)|3(M)|7(D)|14(h)|46(m)|18(s), 1457361978.26, temp,+70.0,F,
2016(Y)|3(M)|7(D)|14(h)|46(m)|18(s), 1457361978.26, moist,+0.000,WFV,
2016(Y)|3(M)|7(D)|14(h)|46(m)|33(s), 1457361993.27, temp,+21.1,C,
2016(Y)|3(M)|7(D)|14(h)|46(m)|33(s), 1457361993.27, temp,+70.0,F,
2016(Y)|3(M)|7(D)|14(h)|46(m)|33(s), 1457361993.27, moist,+0.000,WFV,
2016(Y)|3(M)|7(D)|14(h)|46(m)|48(s), 1457362008.28, temp,+21.1,C,
2016(Y)|3(M)|7(D)|14(h)|46(m)|48(s), 1457362008.28, temp,+70.0,F,
2016(Y)|3(M)|7(D)|14(h)|46(m)|48(s), 1457362008.28, moist,+0.000,WFV,
2016(Y)|3(M)|7(D)|14(h)|47(m)|3(s), 1457362023.3, temp,+20.9,C,
2016(Y)|3(M)|7(D)|14(h)|47(m)|3(s), 1457362023.3, temp,+69.6,F,
2016(Y)|3(M)|7(D)|14(h)|47(m)|3(s), 1457362023.3, moist,+0.000,WFV,
2016(Y)|3(M)|7(D)|14(h)|47(m)|18(s), 1457362038.31, temp,+20.9,C,
2016(Y)|3(M)|7(D)|14(h)|47(m)|18(s), 1457362038.31, temp,+69.6,F,
2016(Y)|3(M)|7(D)|14(h)|47(m)|18(s), 1457362038.31, moist,+0.000,WFV,
2016(Y)|3(M)|7(D)|14(h)|47(m)|33(s), 1457362053.32, temp,+20.9,C,
2016(Y)|3(M)|7(D)|14(h)|47(m)|33(s), 1457362053.32, temp,+69.6,F,
2016(Y)|3(M)|7(D)|14(h)|47(m)|33(s), 1457362053.32, moist,+0.000,WFV,
2016(Y)|3(M)|7(D)|14(h)|47(m)|48(s), 1457362068.34, temp,+20.9,C,
2016(Y)|3(M)|7(D)|14(h)|47(m)|48(s), 1457362068.34, temp,+69.6,F,
2016(Y)|3(M)|7(D)|14(h)|47(m)|48(s), 1457362068.34, moist,+0.000,WFV,
2016(Y)|3(M)|7(D)|14(h)|48(m)|3(s), 1457362083.35, temp,+20.9,C,
2016(Y)|3(M)|7(D)|14(h)|48(m)|3(s), 1457362083.35, temp,+69.6,F,
2016(Y)|3(M)|7(D)|14(h)|48(m)|3(s), 1457362083.35, moist,+0.000,WFV,
2016(Y)|3(M)|7(D)|14(h)|48(m)|18(s), 1457362098.37, temp,+21.1,C,
2016(Y)|3(M)|7(D)|14(h)|48(m)|18(s), 1457362098.37, temp,+70.0,F,
2016(Y)|3(M)|7(D)|14(h)|48(m)|18(s), 1457362098.37, moist,+0.000,WFV,
2016(Y)|3(M)|7(D)|14(h)|48(m)|33(s), 1457362113.38, temp,+20.9,C,
2016(Y)|3(M)|7(D)|14(h)|48(m)|33(s), 1457362113.38, temp,+69.6,F,
2016(Y)|3(M)|7(D)|14(h)|48(m)|33(s), 1457362113.38, moist,+0.000,WFV,
2016(Y)|3(M)|7(D)|14(h)|48(m)|48(s), 1457362128.4, temp,+20.9,C,
2016(Y)|3(M)|7(D)|14(h)|48(m)|48(s), 1457362128.4, temp,+69.6,F,
2016(Y)|3(M)|7(D)|14(h)|48(m)|48(s), 1457362128.4, moist,+0.000,WFV,
2016(Y)|3(M)|7(D)|14(h)|49(m)|3(s), 1457362143.41, temp,+21.1,C,
2016(Y)|3(M)|7(D)|14(h)|49(m)|3(s), 1457362143.41, temp,+70.0,F,
2016(Y)|3(M)|7(D)|14(h)|49(m)|3(s), 1457362143.41, moist,+0.000,WFV,
2016(Y)|3(M)|7(D)|14(h)|49(m)|18(s), 1457362158.43, temp,+21.1,C,
2016(Y)|3(M)|7(D)|14(h)|49(m)|18(s), 1457362158.43, temp,+70.0,F,
2016(Y)|3(M)|7(D)|14(h)|49(m)|18(s), 1457362158.43, moist,+0.000,WFV,
2016(Y)|3(M)|7(D)|14(h)|49(m)|33(s), 1457362173.44, temp,+21.1,C,
2016(Y)|3(M)|7(D)|14(h)|49(m)|33(s), 1457362173.44, temp,+70.0,F,
2016(Y)|3(M)|7(D)|14(h)|49(m)|33(s), 1457362173.44, moist,+0.000,WFV,
2016(Y)|3(M)|7(D)|14(h)|49(m)|48(s), 1457362188.46, temp,+20.9,C,
2016(Y)|3(M)|7(D)|14(h)|49(m)|48(s), 1457362188.46, temp,+69.6,F,
2016(Y)|3(M)|7(D)|14(h)|49(m)|48(s), 1457362188.46, moist,+0.000,WFV,
2016(Y)|3(M)|7(D)|14(h)|50(m)|17(s), 1457362217.04, temp,+21.1,C,
2016(Y)|3(M)|7(D)|14(h)|50(m)|17(s), 1457362217.04, temp,+70.0,F,
2016(Y)|3(M)|7(D)|14(h)|50(m)|17(s), 1457362217.04, moist,+0.000,WFV,
2016(Y)|3(M)|7(D)|14(h)|50(m)|20(s), 1457362220.17, temp,+20.9,C,
2016(Y)|3(M)|7(D)|14(h)|50(m)|20(s), 1457362220.17, temp,+69.6,F,
2016(Y)|3(M)|7(D)|14(h)|50(m)|20(s), 1457362220.17, moist,+0.000,WFV,
2016(Y)|3(M)|7(D)|14(h)|50(m)|33(s), 1457362233.51, temp,+21.1,C,
2016(Y)|3(M)|7(D)|14(h)|50(m)|33(s), 1457362233.51, temp,+70.0,F,
2016(Y)|3(M)|7(D)|14(h)|50(m)|33(s), 1457362233.51, moist,+0.000,WFV,
2016(Y)|3(M)|7(D)|14(h)|50(m)|48(s), 1457362248.52, temp,+20.9,C,
2016(Y)|3(M)|7(D)|14(h)|50(m)|48(s), 1457362248.52, temp,+69.6,F,
2016(Y)|3(M)|7(D)|14(h)|50(m)|48(s), 1457362248.52, moist,+0.000,WFV,
2016(Y)|3(M)|7(D)|14(h)|51(m)|3(s), 1457362263.54, temp,+21.1,C,
2016(Y)|3(M)|7(D)|14(h)|51(m)|3(s), 1457362263.54, temp,+70.0,F,
2016(Y)|3(M)|7(D)|14(h)|51(m)|3(s), 1457362263.54, moist,+0.000,WFV,
2016(Y)|3(M)|7(D)|14(h)|51(m)|18(s), 1457362278.55, temp,+20.9,C,
2016(Y)|3(M)|7(D)|14(h)|51(m)|18(s), 1457362278.55, temp,+69.6,F,
2016(Y)|3(M)|7(D)|14(h)|51(m)|18(s), 1457362278.55, moist,+0.000,WFV,
2016(Y)|3(M)|7(D)|14(h)|51(m)|33(s), 1457362293.57, temp,+21.1,C,
2016(Y)|3(M)|7(D)|14(h)|51(m)|33(s), 1457362293.57, temp,+70.0,F,
2016(Y)|3(M)|7(D)|14(h)|51(m)|33(s), 1457362293.57, moist,+0.000,WFV,
2016(Y)|3(M)|7(D)|14(h)|51(m)|48(s), 1457362308.58, temp,+21.1,C,
2016(Y)|3(M)|7(D)|14(h)|51(m)|48(s), 1457362308.58, temp,+70.0,F,
2016(Y)|3(M)|7(D)|14(h)|51(m)|48(s), 1457362308.58, moist,+0.000,WFV,
2016(Y)|3(M)|7(D)|14(h)|52(m)|3(s), 1457362323.6, temp,+21.1,C,
2016(Y)|3(M)|7(D)|14(h)|52(m)|3(s), 1457362323.6, temp,+70.0,F,
2016(Y)|3(M)|7(D)|14(h)|52(m)|3(s), 1457362323.6, moist,+0.000,WFV,
2016(Y)|3(M)|7(D)|14(h)|52(m)|18(s), 1457362338.61, temp,+20.9,C,
2016(Y)|3(M)|7(D)|14(h)|52(m)|18(s), 1457362338.61, temp,+69.6,F,
2016(Y)|3(M)|7(D)|14(h)|52(m)|18(s), 1457362338.61, moist,+0.000,WFV,
2016(Y)|3(M)|7(D)|14(h)|52(m)|33(s), 1457362353.63, temp,+21.1,C,
2016(Y)|3(M)|7(D)|14(h)|52(m)|33(s), 1457362353.63, temp,+70.0,F,
2016(Y)|3(M)|7(D)|14(h)|52(m)|33(s), 1457362353.63, moist,+0.000,WFV,
2016(Y)|3(M)|7(D)|14(h)|52(m)|48(s), 1457362368.64, temp,+21.1,C,
2016(Y)|3(M)|7(D)|14(h)|52(m)|48(s), 1457362368.64, temp,+70.0,F,
2016(Y)|3(M)|7(D)|14(h)|52(m)|48(s), 1457362368.64, moist,+0.000,WFV,
2016(Y)|3(M)|7(D)|14(h)|53(m)|3(s), 1457362383.66, temp,+21.1,C,
2016(Y)|3(M)|7(D)|14(h)|53(m)|3(s), 1457362383.66, temp,+70.0,F,
2016(Y)|3(M)|7(D)|14(h)|53(m)|3(s), 1457362383.66, moist,+0.000,WFV,
2016(Y)|3(M)|7(D)|14(h)|53(m)|18(s), 1457362398.67, temp,+21.1,C,
2016(Y)|3(M)|7(D)|14(h)|53(m)|18(s), 1457362398.67, temp,+70.0,F,
2016(Y)|3(M)|7(D)|14(h)|53(m)|18(s), 1457362398.67, moist,+0.000,WFV,
2016(Y)|3(M)|7(D)|14(h)|53(m)|33(s), 1457362413.68, temp,+21.1,C,
2016(Y)|3(M)|7(D)|14(h)|53(m)|33(s), 1457362413.68, temp,+70.0,F,
2016(Y)|3(M)|7(D)|14(h)|53(m)|33(s), 1457362413.68, moist,+0.000,WFV,
2016(Y)|3(M)|7(D)|14(h)|53(m)|48(s), 1457362428.7, temp,+21.1,C,
2016(Y)|3(M)|7(D)|14(h)|53(m)|48(s), 1457362428.7, temp,+70.0,F,
2016(Y)|3(M)|7(D)|14(h)|53(m)|48(s), 1457362428.7, moist,+0.000,WFV,
2016(Y)|3(M)|7(D)|14(h)|54(m)|3(s), 1457362443.71, temp,+21.1,C,
2016(Y)|3(M)|7(D)|14(h)|54(m)|3(s), 1457362443.71, temp,+70.0,F,
2016(Y)|3(M)|7(D)|14(h)|54(m)|3(s), 1457362443.71, moist,+0.000,WFV,
2016(Y)|3(M)|7(D)|14(h)|54(m)|18(s), 1457362458.73, temp,+21.1,C,
2016(Y)|3(M)|7(D)|14(h)|54(m)|18(s), 1457362458.73, temp,+70.0,F,
2016(Y)|3(M)|7(D)|14(h)|54(m)|18(s), 1457362458.73, moist,+0.000,WFV,
2016(Y)|3(M)|7(D)|14(h)|54(m)|33(s), 1457362473.75, temp,+21.1,C,
2016(Y)|3(M)|7(D)|14(h)|54(m)|33(s), 1457362473.75, temp,+70.0,F,
2016(Y)|3(M)|7(D)|14(h)|54(m)|33(s), 1457362473.75, moist,+0.000,WFV,
2016(Y)|3(M)|7(D)|14(h)|54(m)|48(s), 1457362488.76, temp,+21.1,C,
2016(Y)|3(M)|7(D)|14(h)|54(m)|48(s), 1457362488.76, temp,+70.0,F,
2016(Y)|3(M)|7(D)|14(h)|54(m)|48(s), 1457362488.76, moist,+0.000,WFV,
2016(Y)|3(M)|7(D)|14(h)|55(m)|3(s), 1457362503.77, temp,+21.1,C,
2016(Y)|3(M)|7(D)|14(h)|55(m)|3(s), 1457362503.77, temp,+70.0,F,
2016(Y)|3(M)|7(D)|14(h)|55(m)|3(s), 1457362503.77, moist,+0.000,WFV,
2016(Y)|3(M)|7(D)|14(h)|55(m)|18(s), 1457362518.79, temp,+20.9,C,
2016(Y)|3(M)|7(D)|14(h)|55(m)|18(s), 1457362518.79, temp,+69.6,F,
2016(Y)|3(M)|7(D)|14(h)|55(m)|18(s), 1457362518.79, moist,+0.000,WFV,
2016(Y)|3(M)|7(D)|14(h)|55(m)|33(s), 1457362533.8, temp,+21.1,C,
2016(Y)|3(M)|7(D)|14(h)|55(m)|33(s), 1457362533.8, temp,+70.0,F,
2016(Y)|3(M)|7(D)|14(h)|55(m)|33(s), 1457362533.8, moist,+0.000,WFV,
2016(Y)|3(M)|7(D)|14(h)|55(m)|48(s), 1457362548.82, temp,+21.1,C,
2016(Y)|3(M)|7(D)|14(h)|55(m)|48(s), 1457362548.82, temp,+70.0,F,
2016(Y)|3(M)|7(D)|14(h)|55(m)|48(s), 1457362548.82, moist,+0.000,WFV,
2016(Y)|3(M)|7(D)|14(h)|56(m)|3(s), 1457362563.83, temp,+21.1,C,
2016(Y)|3(M)|7(D)|14(h)|56(m)|3(s), 1457362563.83, temp,+70.0,F,
2016(Y)|3(M)|7(D)|14(h)|56(m)|3(s), 1457362563.83, moist,+0.000,WFV,
2016(Y)|3(M)|7(D)|14(h)|56(m)|18(s), 1457362578.84, temp,+20.9,C,
2016(Y)|3(M)|7(D)|14(h)|56(m)|18(s), 1457362578.84, temp,+69.6,F,
2016(Y)|3(M)|7(D)|14(h)|56(m)|18(s), 1457362578.84, moist,+0.000,WFV,
2016(Y)|3(M)|7(D)|14(h)|56(m)|33(s), 1457362593.86, temp,+21.1,C,
2016(Y)|3(M)|7(D)|14(h)|56(m)|33(s), 1457362593.86, temp,+70.0,F,
2016(Y)|3(M)|7(D)|14(h)|56(m)|33(s), 1457362593.86, moist,+0.000,WFV,
2016(Y)|3(M)|7(D)|14(h)|56(m)|48(s), 1457362608.88, temp,+21.1,C,
2016(Y)|3(M)|7(D)|14(h)|56(m)|48(s), 1457362608.88, temp,+70.0,F,
2016(Y)|3(M)|7(D)|14(h)|56(m)|48(s), 1457362608.88, moist,+0.000,WFV,
2016(Y)|3(M)|7(D)|14(h)|57(m)|3(s), 1457362623.89, temp,+20.9,C,
2016(Y)|3(M)|7(D)|14(h)|57(m)|3(s), 1457362623.89, temp,+69.6,F,
2016(Y)|3(M)|7(D)|14(h)|57(m)|3(s), 1457362623.89, moist,+0.000,WFV,
2016(Y)|3(M)|7(D)|14(h)|57(m)|18(s), 1457362638.9, temp,+20.9,C,
2016(Y)|3(M)|7(D)|14(h)|57(m)|18(s), 1457362638.9, temp,+69.6,F,
2016(Y)|3(M)|7(D)|14(h)|57(m)|18(s), 1457362638.9, moist,+0.000,WFV,
2016(Y)|3(M)|7(D)|14(h)|57(m)|33(s), 1457362653.92, temp,+20.9,C,
2016(Y)|3(M)|7(D)|14(h)|57(m)|33(s), 1457362653.92, temp,+69.6,F,
2016(Y)|3(M)|7(D)|14(h)|57(m)|33(s), 1457362653.92, moist,+0.000,WFV,
2016(Y)|3(M)|7(D)|14(h)|57(m)|48(s), 1457362668.94, temp,+21.1,C,
2016(Y)|3(M)|7(D)|14(h)|57(m)|48(s), 1457362668.94, temp,+70.0,F,
2016(Y)|3(M)|7(D)|14(h)|57(m)|48(s), 1457362668.94, moist,+0.000,WFV,
2016(Y)|3(M)|7(D)|14(h)|58(m)|3(s), 1457362683.95, temp,+21.1,C,
2016(Y)|3(M)|7(D)|14(h)|58(m)|3(s), 1457362683.95, temp,+70.0,F,
2016(Y)|3(M)|7(D)|14(h)|58(m)|3(s), 1457362683.95, moist,+0.000,WFV,
2016(Y)|3(M)|7(D)|14(h)|58(m)|18(s), 1457362698.97, temp,+21.1,C,
2016(Y)|3(M)|7(D)|14(h)|58(m)|18(s), 1457362698.97, temp,+70.0,F,
2016(Y)|3(M)|7(D)|14(h)|58(m)|18(s), 1457362698.97, moist,+0.000,WFV,
2016(Y)|3(M)|7(D)|14(h)|58(m)|33(s), 1457362713.98, temp,+21.1,C,
2016(Y)|3(M)|7(D)|14(h)|58(m)|33(s), 1457362713.98, temp,+70.0,F,
2016(Y)|3(M)|7(D)|14(h)|58(m)|33(s), 1457362713.98, moist,+0.000,WFV,
2016(Y)|3(M)|7(D)|14(h)|58(m)|48(s), 1457362728.99, temp,+20.9,C,
2016(Y)|3(M)|7(D)|14(h)|58(m)|48(s), 1457362728.99, temp,+69.6,F,
2016(Y)|3(M)|7(D)|14(h)|58(m)|48(s), 1457362728.99, moist,+0.000,WFV,
2016(Y)|3(M)|7(D)|14(h)|59(m)|4(s), 1457362744.01, temp,+21.1,C,
2016(Y)|3(M)|7(D)|14(h)|59(m)|4(s), 1457362744.01, temp,+70.0,F,
2016(Y)|3(M)|7(D)|14(h)|59(m)|4(s), 1457362744.01, moist,+0.000,WFV,
2016(Y)|3(M)|7(D)|14(h)|59(m)|19(s), 1457362759.02, temp,+21.1,C,
2016(Y)|3(M)|7(D)|14(h)|59(m)|19(s), 1457362759.02, temp,+70.0,F,
2016(Y)|3(M)|7(D)|14(h)|59(m)|19(s), 1457362759.02, moist,+0.000,WFV,
2016(Y)|3(M)|7(D)|14(h)|59(m)|34(s), 1457362774.04, temp,+21.1,C,
2016(Y)|3(M)|7(D)|14(h)|59(m)|34(s), 1457362774.04, temp,+70.0,F,
2016(Y)|3(M)|7(D)|14(h)|59(m)|34(s), 1457362774.04, moist,+0.000,WFV,
2016(Y)|3(M)|7(D)|14(h)|59(m)|49(s), 1457362789.06, temp,+21.3,C,
2016(Y)|3(M)|7(D)|14(h)|59(m)|49(s), 1457362789.06, temp,+70.3,F,
2016(Y)|3(M)|7(D)|14(h)|59(m)|49(s), 1457362789.06, moist,+0.000,WFV,
2016(Y)|3(M)|7(D)|15(h)|0(m)|4(s), 1457362804.07, temp,+21.1,C,
2016(Y)|3(M)|7(D)|15(h)|0(m)|4(s), 1457362804.07, temp,+70.0,F,
2016(Y)|3(M)|7(D)|15(h)|0(m)|4(s), 1457362804.07, moist,+0.000,WFV,
2016(Y)|3(M)|7(D)|15(h)|0(m)|19(s), 1457362819.09, temp,+21.1,C,
2016(Y)|3(M)|7(D)|15(h)|0(m)|19(s), 1457362819.09, temp,+70.0,F,
2016(Y)|3(M)|7(D)|15(h)|0(m)|19(s), 1457362819.09, moist,+0.000,WFV,
2016(Y)|3(M)|7(D)|15(h)|0(m)|34(s), 1457362834.1, temp,+20.9,C,
2016(Y)|3(M)|7(D)|15(h)|0(m)|34(s), 1457362834.1, temp,+69.6,F,
2016(Y)|3(M)|7(D)|15(h)|0(m)|34(s), 1457362834.1, moist,+0.000,WFV,
2016(Y)|3(M)|7(D)|15(h)|0(m)|49(s), 1457362849.12, temp,+21.1,C,
2016(Y)|3(M)|7(D)|15(h)|0(m)|49(s), 1457362849.12, temp,+70.0,F,
2016(Y)|3(M)|7(D)|15(h)|0(m)|49(s), 1457362849.12, moist,+0.000,WFV,
2016(Y)|3(M)|7(D)|15(h)|1(m)|4(s), 1457362864.12, temp,+21.1,C,
2016(Y)|3(M)|7(D)|15(h)|1(m)|4(s), 1457362864.12, temp,+70.0,F,
2016(Y)|3(M)|7(D)|15(h)|1(m)|4(s), 1457362864.12, moist,+0.000,WFV,
2016(Y)|3(M)|7(D)|15(h)|1(m)|19(s), 1457362879.14, temp,+21.3,C,
2016(Y)|3(M)|7(D)|15(h)|1(m)|19(s), 1457362879.14, temp,+70.3,F,
2016(Y)|3(M)|7(D)|15(h)|1(m)|19(s), 1457362879.14, moist,+0.000,WFV,
2016(Y)|3(M)|7(D)|15(h)|1(m)|34(s), 1457362894.15, temp,+21.1,C,
2016(Y)|3(M)|7(D)|15(h)|1(m)|34(s), 1457362894.15, temp,+70.0,F,
2016(Y)|3(M)|7(D)|15(h)|1(m)|34(s), 1457362894.15, moist,+0.000,WFV,
2016(Y)|3(M)|7(D)|15(h)|1(m)|49(s), 1457362909.15, temp,+21.1,C,
2016(Y)|3(M)|7(D)|15(h)|1(m)|49(s), 1457362909.15, temp,+70.0,F,
2016(Y)|3(M)|7(D)|15(h)|1(m)|49(s), 1457362909.15, moist,+0.000,WFV,
2016(Y)|3(M)|7(D)|15(h)|2(m)|4(s), 1457362924.17, temp,+21.1,C,
2016(Y)|3(M)|7(D)|15(h)|2(m)|4(s), 1457362924.17, temp,+70.0,F,
2016(Y)|3(M)|7(D)|15(h)|2(m)|4(s), 1457362924.17, moist,+0.000,WFV,
2016(Y)|3(M)|7(D)|15(h)|2(m)|19(s), 1457362939.18, temp,+21.1,C,
2016(Y)|3(M)|7(D)|15(h)|2(m)|19(s), 1457362939.18, temp,+70.0,F,
2016(Y)|3(M)|7(D)|15(h)|2(m)|19(s), 1457362939.18, moist,+0.000,WFV,
2016(Y)|3(M)|7(D)|15(h)|2(m)|34(s), 1457362954.2, temp,+21.3,C,
2016(Y)|3(M)|7(D)|15(h)|2(m)|34(s), 1457362954.2, temp,+70.3,F,
2016(Y)|3(M)|7(D)|15(h)|2(m)|34(s), 1457362954.2, moist,+0.000,WFV,
2016(Y)|3(M)|7(D)|15(h)|2(m)|49(s), 1457362969.21, temp,+21.3,C,
2016(Y)|3(M)|7(D)|15(h)|2(m)|49(s), 1457362969.21, temp,+70.3,F,
2016(Y)|3(M)|7(D)|15(h)|2(m)|49(s), 1457362969.21, moist,+0.000,WFV,
2016(Y)|3(M)|7(D)|15(h)|3(m)|4(s), 1457362984.22, temp,+21.3,C,
2016(Y)|3(M)|7(D)|15(h)|3(m)|4(s), 1457362984.22, temp,+70.3,F,
2016(Y)|3(M)|7(D)|15(h)|3(m)|4(s), 1457362984.22, moist,+0.000,WFV,
2016(Y)|3(M)|7(D)|15(h)|3(m)|19(s), 1457362999.23, temp,+21.1,C,
2016(Y)|3(M)|7(D)|15(h)|3(m)|19(s), 1457362999.23, temp,+70.0,F,
2016(Y)|3(M)|7(D)|15(h)|3(m)|19(s), 1457362999.23, moist,+0.000,WFV,
2016(Y)|3(M)|7(D)|15(h)|3(m)|34(s), 1457363014.25, temp,+20.9,C,
2016(Y)|3(M)|7(D)|15(h)|3(m)|34(s), 1457363014.25, temp,+69.6,F,
2016(Y)|3(M)|7(D)|15(h)|3(m)|34(s), 1457363014.25, moist,+0.000,WFV,
2016(Y)|3(M)|7(D)|15(h)|3(m)|49(s), 1457363029.27, temp,+21.3,C,
2016(Y)|3(M)|7(D)|15(h)|3(m)|49(s), 1457363029.27, temp,+70.3,F,
2016(Y)|3(M)|7(D)|15(h)|3(m)|49(s), 1457363029.27, moist,+0.000,WFV,
2016(Y)|3(M)|7(D)|15(h)|4(m)|4(s), 1457363044.28, temp,+21.1,C,
2016(Y)|3(M)|7(D)|15(h)|4(m)|4(s), 1457363044.28, temp,+70.0,F,
2016(Y)|3(M)|7(D)|15(h)|4(m)|4(s), 1457363044.28, moist,+0.000,WFV,
2016(Y)|3(M)|7(D)|15(h)|4(m)|19(s), 1457363059.3, temp,+20.9,C,
2016(Y)|3(M)|7(D)|15(h)|4(m)|19(s), 1457363059.3, temp,+69.6,F,
2016(Y)|3(M)|7(D)|15(h)|4(m)|19(s), 1457363059.3, moist,+0.000,WFV,
2016(Y)|3(M)|7(D)|15(h)|4(m)|34(s), 1457363074.31, temp,+21.3,C,
2016(Y)|3(M)|7(D)|15(h)|4(m)|34(s), 1457363074.31, temp,+70.3,F,
2016(Y)|3(M)|7(D)|15(h)|4(m)|34(s), 1457363074.31, moist,+0.000,WFV,
2016(Y)|3(M)|7(D)|15(h)|4(m)|49(s), 1457363089.33, temp,+21.3,C,
2016(Y)|3(M)|7(D)|15(h)|4(m)|49(s), 1457363089.33, temp,+70.3,F,
2016(Y)|3(M)|7(D)|15(h)|4(m)|49(s), 1457363089.33, moist,+0.000,WFV,
2016(Y)|3(M)|7(D)|15(h)|5(m)|4(s), 1457363104.34, temp,+20.9,C,
2016(Y)|3(M)|7(D)|15(h)|5(m)|4(s), 1457363104.34, temp,+69.6,F,
2016(Y)|3(M)|7(D)|15(h)|5(m)|4(s), 1457363104.34, moist,+0.000,WFV,
2016(Y)|3(M)|7(D)|15(h)|5(m)|19(s), 1457363119.36, temp,+21.3,C,
2016(Y)|3(M)|7(D)|15(h)|5(m)|19(s), 1457363119.36, temp,+70.3,F,
2016(Y)|3(M)|7(D)|15(h)|5(m)|19(s), 1457363119.36, moist,+0.000,WFV,
2016(Y)|3(M)|7(D)|15(h)|5(m)|34(s), 1457363134.37, temp,+21.3,C,
2016(Y)|3(M)|7(D)|15(h)|5(m)|34(s), 1457363134.37, temp,+70.3,F,
2016(Y)|3(M)|7(D)|15(h)|5(m)|34(s), 1457363134.37, moist,+0.000,WFV,
2016(Y)|3(M)|7(D)|15(h)|5(m)|49(s), 1457363149.39, temp,+21.3,C,
2016(Y)|3(M)|7(D)|15(h)|5(m)|49(s), 1457363149.39, temp,+70.3,F,
2016(Y)|3(M)|7(D)|15(h)|5(m)|49(s), 1457363149.39, moist,+0.000,WFV,
2016(Y)|3(M)|7(D)|15(h)|6(m)|4(s), 1457363164.4, temp,+21.3,C,
2016(Y)|3(M)|7(D)|15(h)|6(m)|4(s), 1457363164.4, temp,+70.3,F,
2016(Y)|3(M)|7(D)|15(h)|6(m)|4(s), 1457363164.4, moist,+0.000,WFV,
2016(Y)|3(M)|7(D)|15(h)|6(m)|19(s), 1457363179.42, temp,+21.1,C,
2016(Y)|3(M)|7(D)|15(h)|6(m)|19(s), 1457363179.42, temp,+70.0,F,
2016(Y)|3(M)|7(D)|15(h)|6(m)|19(s), 1457363179.42, moist,+0.000,WFV,
2016(Y)|3(M)|7(D)|15(h)|6(m)|34(s), 1457363194.43, temp,+21.3,C,
2016(Y)|3(M)|7(D)|15(h)|6(m)|34(s), 1457363194.43, temp,+70.3,F,
2016(Y)|3(M)|7(D)|15(h)|6(m)|34(s), 1457363194.43, moist,+0.000,WFV,
2016(Y)|3(M)|7(D)|15(h)|6(m)|49(s), 1457363209.45, temp,+21.3,C,
2016(Y)|3(M)|7(D)|15(h)|6(m)|49(s), 1457363209.45, temp,+70.3,F,
2016(Y)|3(M)|7(D)|15(h)|6(m)|49(s), 1457363209.45, moist,+0.000,WFV,
2016(Y)|3(M)|7(D)|15(h)|7(m)|4(s), 1457363224.46, temp,+21.3,C,
2016(Y)|3(M)|7(D)|15(h)|7(m)|4(s), 1457363224.46, temp,+70.3,F,
2016(Y)|3(M)|7(D)|15(h)|7(m)|4(s), 1457363224.46, moist,+0.000,WFV,
2016(Y)|3(M)|7(D)|15(h)|7(m)|19(s), 1457363239.48, temp,+21.3,C,
2016(Y)|3(M)|7(D)|15(h)|7(m)|19(s), 1457363239.48, temp,+70.3,F,
2016(Y)|3(M)|7(D)|15(h)|7(m)|19(s), 1457363239.48, moist,+0.000,WFV,
2016(Y)|3(M)|7(D)|15(h)|7(m)|34(s), 1457363254.49, temp,+21.3,C,
2016(Y)|3(M)|7(D)|15(h)|7(m)|34(s), 1457363254.49, temp,+70.3,F,
2016(Y)|3(M)|7(D)|15(h)|7(m)|34(s), 1457363254.49, moist,+0.000,WFV,
2016(Y)|3(M)|7(D)|15(h)|7(m)|49(s), 1457363269.51, temp,+21.3,C,
2016(Y)|3(M)|7(D)|15(h)|7(m)|49(s), 1457363269.51, temp,+70.3,F,
2016(Y)|3(M)|7(D)|15(h)|7(m)|49(s), 1457363269.51, moist,+0.000,WFV,
2016(Y)|3(M)|7(D)|15(h)|8(m)|4(s), 1457363284.53, temp,+21.3,C,
2016(Y)|3(M)|7(D)|15(h)|8(m)|4(s), 1457363284.53, temp,+70.3,F,
2016(Y)|3(M)|7(D)|15(h)|8(m)|4(s), 1457363284.53, moist,+0.000,WFV,
2016(Y)|3(M)|7(D)|15(h)|8(m)|19(s), 1457363299.54, temp,+21.3,C,
2016(Y)|3(M)|7(D)|15(h)|8(m)|19(s), 1457363299.54, temp,+70.3,F,
2016(Y)|3(M)|7(D)|15(h)|8(m)|19(s), 1457363299.54, moist,+0.000,WFV,
2016(Y)|3(M)|7(D)|15(h)|8(m)|34(s), 1457363314.55, temp,+21.3,C,
2016(Y)|3(M)|7(D)|15(h)|8(m)|34(s), 1457363314.55, temp,+70.3,F,
2016(Y)|3(M)|7(D)|15(h)|8(m)|34(s), 1457363314.55, moist,+0.000,WFV,
2016(Y)|3(M)|7(D)|15(h)|8(m)|49(s), 1457363329.57, temp,+21.3,C,
2016(Y)|3(M)|7(D)|15(h)|8(m)|49(s), 1457363329.57, temp,+70.3,F,
2016(Y)|3(M)|7(D)|15(h)|8(m)|49(s), 1457363329.57, moist,+0.000,WFV,
2016(Y)|3(M)|7(D)|15(h)|9(m)|4(s), 1457363344.58, temp,+21.3,C,
2016(Y)|3(M)|7(D)|15(h)|9(m)|4(s), 1457363344.58, temp,+70.3,F,
2016(Y)|3(M)|7(D)|15(h)|9(m)|4(s), 1457363344.58, moist,+0.000,WFV,
2016(Y)|3(M)|7(D)|15(h)|9(m)|19(s), 1457363359.59, temp,+21.3,C,
2016(Y)|3(M)|7(D)|15(h)|9(m)|19(s), 1457363359.59, temp,+70.3,F,
2016(Y)|3(M)|7(D)|15(h)|9(m)|19(s), 1457363359.59, moist,+0.000,WFV,
2016(Y)|3(M)|7(D)|15(h)|9(m)|34(s), 1457363374.61, temp,+21.3,C,
2016(Y)|3(M)|7(D)|15(h)|9(m)|34(s), 1457363374.61, temp,+70.3,F,
2016(Y)|3(M)|7(D)|15(h)|9(m)|34(s), 1457363374.61, moist,+0.000,WFV,
2016(Y)|3(M)|7(D)|15(h)|9(m)|49(s), 1457363389.62, temp,+21.3,C,
2016(Y)|3(M)|7(D)|15(h)|9(m)|49(s), 1457363389.62, temp,+70.3,F,
2016(Y)|3(M)|7(D)|15(h)|9(m)|49(s), 1457363389.62, moist,+0.000,WFV,
2016(Y)|3(M)|7(D)|15(h)|10(m)|4(s), 1457363404.64, temp,+21.1,C,
2016(Y)|3(M)|7(D)|15(h)|10(m)|4(s), 1457363404.64, temp,+70.0,F,
2016(Y)|3(M)|7(D)|15(h)|10(m)|4(s), 1457363404.64, moist,+0.000,WFV,
2016(Y)|3(M)|7(D)|15(h)|10(m)|19(s), 1457363419.65, temp,+21.3,C,
2016(Y)|3(M)|7(D)|15(h)|10(m)|19(s), 1457363419.65, temp,+70.3,F,
2016(Y)|3(M)|7(D)|15(h)|10(m)|19(s), 1457363419.65, moist,+0.000,WFV,
2016(Y)|3(M)|7(D)|15(h)|10(m)|34(s), 1457363434.67, temp,+21.3,C,
2016(Y)|3(M)|7(D)|15(h)|10(m)|34(s), 1457363434.67, temp,+70.3,F,
2016(Y)|3(M)|7(D)|15(h)|10(m)|34(s), 1457363434.67, moist,+0.000,WFV,
2016(Y)|3(M)|7(D)|15(h)|10(m)|49(s), 1457363449.68, temp,+21.3,C,
2016(Y)|3(M)|7(D)|15(h)|10(m)|49(s), 1457363449.68, temp,+70.3,F,
2016(Y)|3(M)|7(D)|15(h)|10(m)|49(s), 1457363449.68, moist,+0.000,WFV,
2016(Y)|3(M)|7(D)|15(h)|11(m)|4(s), 1457363464.7, temp,+21.3,C,
2016(Y)|3(M)|7(D)|15(h)|11(m)|4(s), 1457363464.7, temp,+70.3,F,
2016(Y)|3(M)|7(D)|15(h)|11(m)|4(s), 1457363464.7, moist,+0.000,WFV,
2016(Y)|3(M)|7(D)|15(h)|11(m)|19(s), 1457363479.72, temp,+21.3,C,
2016(Y)|3(M)|7(D)|15(h)|11(m)|19(s), 1457363479.72, temp,+70.3,F,
2016(Y)|3(M)|7(D)|15(h)|11(m)|19(s), 1457363479.72, moist,+0.000,WFV,
2016(Y)|3(M)|7(D)|15(h)|11(m)|34(s), 1457363494.73, temp,+21.3,C,
2016(Y)|3(M)|7(D)|15(h)|11(m)|34(s), 1457363494.73, temp,+70.3,F,
2016(Y)|3(M)|7(D)|15(h)|11(m)|34(s), 1457363494.73, moist,+0.000,WFV,
2016(Y)|3(M)|7(D)|15(h)|11(m)|49(s), 1457363509.74, temp,+21.3,C,
2016(Y)|3(M)|7(D)|15(h)|11(m)|49(s), 1457363509.74, temp,+70.3,F,
2016(Y)|3(M)|7(D)|15(h)|11(m)|49(s), 1457363509.74, moist,+0.000,WFV,
2016(Y)|3(M)|7(D)|15(h)|12(m)|4(s), 1457363524.76, temp,+21.3,C,
2016(Y)|3(M)|7(D)|15(h)|12(m)|4(s), 1457363524.76, temp,+70.3,F,
2016(Y)|3(M)|7(D)|15(h)|12(m)|4(s), 1457363524.76, moist,+0.000,WFV,
2016(Y)|3(M)|7(D)|15(h)|12(m)|19(s), 1457363539.76, temp,+21.3,C,
2016(Y)|3(M)|7(D)|15(h)|12(m)|19(s), 1457363539.76, temp,+70.3,F,
2016(Y)|3(M)|7(D)|15(h)|12(m)|19(s), 1457363539.76, moist,+0.000,WFV,
2016(Y)|3(M)|7(D)|15(h)|12(m)|34(s), 1457363554.77, temp,+21.3,C,
2016(Y)|3(M)|7(D)|15(h)|12(m)|34(s), 1457363554.77, temp,+70.3,F,
2016(Y)|3(M)|7(D)|15(h)|12(m)|34(s), 1457363554.77, moist,+0.000,WFV,
2016(Y)|3(M)|7(D)|15(h)|12(m)|49(s), 1457363569.79, temp,+21.3,C,
2016(Y)|3(M)|7(D)|15(h)|12(m)|49(s), 1457363569.79, temp,+70.3,F,
2016(Y)|3(M)|7(D)|15(h)|12(m)|49(s), 1457363569.79, moist,+0.000,WFV,
2016(Y)|3(M)|7(D)|15(h)|13(m)|4(s), 1457363584.8, temp,+21.3,C,
2016(Y)|3(M)|7(D)|15(h)|13(m)|4(s), 1457363584.8, temp,+70.3,F,
2016(Y)|3(M)|7(D)|15(h)|13(m)|4(s), 1457363584.8, moist,+0.000,WFV,
2016(Y)|3(M)|7(D)|15(h)|13(m)|19(s), 1457363599.8, temp,+21.3,C,
2016(Y)|3(M)|7(D)|15(h)|13(m)|19(s), 1457363599.8, temp,+70.3,F,
2016(Y)|3(M)|7(D)|15(h)|13(m)|19(s), 1457363599.8, moist,+0.000,WFV,
2016(Y)|3(M)|7(D)|15(h)|13(m)|34(s), 1457363614.81, temp,+21.3,C,
2016(Y)|3(M)|7(D)|15(h)|13(m)|34(s), 1457363614.81, temp,+70.3,F,
2016(Y)|3(M)|7(D)|15(h)|13(m)|34(s), 1457363614.81, moist,+0.000,WFV,
2016(Y)|3(M)|7(D)|15(h)|13(m)|49(s), 1457363629.83, temp,+21.3,C,
2016(Y)|3(M)|7(D)|15(h)|13(m)|49(s), 1457363629.83, temp,+70.3,F,
2016(Y)|3(M)|7(D)|15(h)|13(m)|49(s), 1457363629.83, moist,+0.000,WFV,
2016(Y)|3(M)|7(D)|15(h)|14(m)|4(s), 1457363644.84, temp,+21.3,C,
2016(Y)|3(M)|7(D)|15(h)|14(m)|4(s), 1457363644.84, temp,+70.3,F,
2016(Y)|3(M)|7(D)|15(h)|14(m)|4(s), 1457363644.84, moist,+0.000,WFV,
2016(Y)|3(M)|7(D)|15(h)|14(m)|19(s), 1457363659.86, temp,+21.3,C,
2016(Y)|3(M)|7(D)|15(h)|14(m)|19(s), 1457363659.86, temp,+70.3,F,
2016(Y)|3(M)|7(D)|15(h)|14(m)|19(s), 1457363659.86, moist,+0.000,WFV,
2016(Y)|3(M)|7(D)|15(h)|14(m)|34(s), 1457363674.87, temp,+21.3,C,
2016(Y)|3(M)|7(D)|15(h)|14(m)|34(s), 1457363674.87, temp,+70.3,F,
2016(Y)|3(M)|7(D)|15(h)|14(m)|34(s), 1457363674.87, moist,+0.000,WFV,
2016(Y)|3(M)|7(D)|15(h)|14(m)|49(s), 1457363689.88, temp,+21.1,C,
2016(Y)|3(M)|7(D)|15(h)|14(m)|49(s), 1457363689.88, temp,+70.0,F,
2016(Y)|3(M)|7(D)|15(h)|14(m)|49(s), 1457363689.88, moist,+0.000,WFV,
2016(Y)|3(M)|7(D)|15(h)|15(m)|4(s), 1457363704.9, temp,+21.3,C,
2016(Y)|3(M)|7(D)|15(h)|15(m)|4(s), 1457363704.9, temp,+70.3,F,
2016(Y)|3(M)|7(D)|15(h)|15(m)|4(s), 1457363704.9, moist,+0.000,WFV,
2016(Y)|3(M)|7(D)|15(h)|15(m)|19(s), 1457363719.91, temp,+21.3,C,
2016(Y)|3(M)|7(D)|15(h)|15(m)|19(s), 1457363719.91, temp,+70.3,F,
2016(Y)|3(M)|7(D)|15(h)|15(m)|19(s), 1457363719.91, moist,+0.000,WFV,
2016(Y)|3(M)|7(D)|15(h)|15(m)|34(s), 1457363734.93, temp,+21.3,C,
2016(Y)|3(M)|7(D)|15(h)|15(m)|34(s), 1457363734.93, temp,+70.3,F,
2016(Y)|3(M)|7(D)|15(h)|15(m)|34(s), 1457363734.93, moist,+0.000,WFV,
2016(Y)|3(M)|7(D)|15(h)|15(m)|49(s), 1457363749.94, temp,+21.3,C,
2016(Y)|3(M)|7(D)|15(h)|15(m)|49(s), 1457363749.94, temp,+70.3,F,
2016(Y)|3(M)|7(D)|15(h)|15(m)|49(s), 1457363749.94, moist,+0.000,WFV,
2016(Y)|3(M)|7(D)|15(h)|16(m)|4(s), 1457363764.96, temp,+21.3,C,
2016(Y)|3(M)|7(D)|15(h)|16(m)|4(s), 1457363764.96, temp,+70.3,F,
2016(Y)|3(M)|7(D)|15(h)|16(m)|4(s), 1457363764.96, moist,+0.000,WFV,
2016(Y)|3(M)|7(D)|15(h)|16(m)|19(s), 1457363779.98, temp,+21.3,C,
2016(Y)|3(M)|7(D)|15(h)|16(m)|19(s), 1457363779.98, temp,+70.3,F,
2016(Y)|3(M)|7(D)|15(h)|16(m)|19(s), 1457363779.98, moist,+0.000,WFV,
2016(Y)|3(M)|7(D)|15(h)|16(m)|34(s), 1457363794.99, temp,+21.3,C,
2016(Y)|3(M)|7(D)|15(h)|16(m)|34(s), 1457363794.99, temp,+70.3,F,
2016(Y)|3(M)|7(D)|15(h)|16(m)|34(s), 1457363794.99, moist,+0.000,WFV,
2016(Y)|3(M)|7(D)|15(h)|16(m)|50(s), 1457363810.01, temp,+21.3,C,
2016(Y)|3(M)|7(D)|15(h)|16(m)|50(s), 1457363810.01, temp,+70.3,F,
2016(Y)|3(M)|7(D)|15(h)|16(m)|50(s), 1457363810.01, moist,+0.000,WFV,
2016(Y)|3(M)|7(D)|15(h)|17(m)|5(s), 1457363825.02, temp,+21.3,C,
2016(Y)|3(M)|7(D)|15(h)|17(m)|5(s), 1457363825.02, temp,+70.3,F,
2016(Y)|3(M)|7(D)|15(h)|17(m)|5(s), 1457363825.02, moist,+0.000,WFV,
2016(Y)|3(M)|7(D)|15(h)|17(m)|20(s), 1457363840.04, temp,+21.3,C,
2016(Y)|3(M)|7(D)|15(h)|17(m)|20(s), 1457363840.04, temp,+70.3,F,
2016(Y)|3(M)|7(D)|15(h)|17(m)|20(s), 1457363840.04, moist,+0.000,WFV,
2016(Y)|3(M)|7(D)|15(h)|17(m)|35(s), 1457363855.06, temp,+21.3,C,
2016(Y)|3(M)|7(D)|15(h)|17(m)|35(s), 1457363855.06, temp,+70.3,F,
2016(Y)|3(M)|7(D)|15(h)|17(m)|35(s), 1457363855.06, moist,+0.000,WFV,
2016(Y)|3(M)|7(D)|15(h)|17(m)|50(s), 1457363870.07, temp,+21.5,C,
2016(Y)|3(M)|7(D)|15(h)|17(m)|50(s), 1457363870.07, temp,+70.7,F,
2016(Y)|3(M)|7(D)|15(h)|17(m)|50(s), 1457363870.07, moist,+0.000,WFV,
2016(Y)|3(M)|7(D)|15(h)|18(m)|5(s), 1457363885.09, temp,+21.3,C,
2016(Y)|3(M)|7(D)|15(h)|18(m)|5(s), 1457363885.09, temp,+70.3,F,
2016(Y)|3(M)|7(D)|15(h)|18(m)|5(s), 1457363885.09, moist,+0.000,WFV,
2016(Y)|3(M)|7(D)|15(h)|18(m)|20(s), 1457363900.1, temp,+21.3,C,
2016(Y)|3(M)|7(D)|15(h)|18(m)|20(s), 1457363900.1, temp,+70.3,F,
2016(Y)|3(M)|7(D)|15(h)|18(m)|20(s), 1457363900.1, moist,+0.000,WFV,
2016(Y)|3(M)|7(D)|15(h)|18(m)|35(s), 1457363915.12, temp,+21.3,C,
2016(Y)|3(M)|7(D)|15(h)|18(m)|35(s), 1457363915.12, temp,+70.3,F,
2016(Y)|3(M)|7(D)|15(h)|18(m)|35(s), 1457363915.12, moist,+0.000,WFV,
2016(Y)|3(M)|7(D)|15(h)|18(m)|50(s), 1457363930.13, temp,+21.3,C,
2016(Y)|3(M)|7(D)|15(h)|18(m)|50(s), 1457363930.13, temp,+70.3,F,
2016(Y)|3(M)|7(D)|15(h)|18(m)|50(s), 1457363930.13, moist,+0.000,WFV,
2016(Y)|3(M)|7(D)|15(h)|19(m)|5(s), 1457363945.15, temp,+21.3,C,
2016(Y)|3(M)|7(D)|15(h)|19(m)|5(s), 1457363945.15, temp,+70.3,F,
2016(Y)|3(M)|7(D)|15(h)|19(m)|5(s), 1457363945.15, moist,+0.000,WFV,
2016(Y)|3(M)|7(D)|15(h)|19(m)|20(s), 1457363960.16, temp,+21.3,C,
2016(Y)|3(M)|7(D)|15(h)|19(m)|20(s), 1457363960.16, temp,+70.3,F,
2016(Y)|3(M)|7(D)|15(h)|19(m)|20(s), 1457363960.16, moist,+0.000,WFV,
2016(Y)|3(M)|7(D)|15(h)|19(m)|35(s), 1457363975.17, temp,+21.3,C,
2016(Y)|3(M)|7(D)|15(h)|19(m)|35(s), 1457363975.17, temp,+70.3,F,
2016(Y)|3(M)|7(D)|15(h)|19(m)|35(s), 1457363975.17, moist,+0.000,WFV,
2016(Y)|3(M)|7(D)|15(h)|19(m)|50(s), 1457363990.19, temp,+21.3,C,
2016(Y)|3(M)|7(D)|15(h)|19(m)|50(s), 1457363990.19, temp,+70.3,F,
2016(Y)|3(M)|7(D)|15(h)|19(m)|50(s), 1457363990.19, moist,+0.000,WFV,
2016(Y)|3(M)|7(D)|15(h)|20(m)|5(s), 1457364005.2, temp,+21.3,C,
2016(Y)|3(M)|7(D)|15(h)|20(m)|5(s), 1457364005.2, temp,+70.3,F,
2016(Y)|3(M)|7(D)|15(h)|20(m)|5(s), 1457364005.2, moist,+0.000,WFV,
2016(Y)|3(M)|7(D)|15(h)|20(m)|20(s), 1457364020.22, temp,+21.5,C,
2016(Y)|3(M)|7(D)|15(h)|20(m)|20(s), 1457364020.22, temp,+70.7,F,
2016(Y)|3(M)|7(D)|15(h)|20(m)|20(s), 1457364020.22, moist,+0.000,WFV,
2016(Y)|3(M)|7(D)|15(h)|20(m)|35(s), 1457364035.23, temp,+21.3,C,
2016(Y)|3(M)|7(D)|15(h)|20(m)|35(s), 1457364035.23, temp,+70.3,F,
2016(Y)|3(M)|7(D)|15(h)|20(m)|35(s), 1457364035.23, moist,+0.000,WFV,
2016(Y)|3(M)|7(D)|15(h)|20(m)|50(s), 1457364050.25, temp,+21.5,C,
2016(Y)|3(M)|7(D)|15(h)|20(m)|50(s), 1457364050.25, temp,+70.7,F,
2016(Y)|3(M)|7(D)|15(h)|20(m)|50(s), 1457364050.25, moist,+0.000,WFV,
2016(Y)|3(M)|7(D)|15(h)|21(m)|5(s), 1457364065.27, temp,+21.3,C,
2016(Y)|3(M)|7(D)|15(h)|21(m)|5(s), 1457364065.27, temp,+70.3,F,
2016(Y)|3(M)|7(D)|15(h)|21(m)|5(s), 1457364065.27, moist,+0.000,WFV,
2016(Y)|3(M)|7(D)|15(h)|21(m)|20(s), 1457364080.28, temp,+21.5,C,
2016(Y)|3(M)|7(D)|15(h)|21(m)|20(s), 1457364080.28, temp,+70.7,F,
2016(Y)|3(M)|7(D)|15(h)|21(m)|20(s), 1457364080.28, moist,+0.000,WFV,
2016(Y)|3(M)|7(D)|15(h)|21(m)|35(s), 1457364095.29, temp,+21.5,C,
2016(Y)|3(M)|7(D)|15(h)|21(m)|35(s), 1457364095.29, temp,+70.7,F,
2016(Y)|3(M)|7(D)|15(h)|21(m)|35(s), 1457364095.29, moist,+0.000,WFV,
2016(Y)|3(M)|7(D)|15(h)|21(m)|50(s), 1457364110.31, temp,+21.3,C,
2016(Y)|3(M)|7(D)|15(h)|21(m)|50(s), 1457364110.31, temp,+70.3,F,
2016(Y)|3(M)|7(D)|15(h)|21(m)|50(s), 1457364110.31, moist,+0.000,WFV,
2016(Y)|3(M)|7(D)|15(h)|22(m)|5(s), 1457364125.32, temp,+21.5,C,
2016(Y)|3(M)|7(D)|15(h)|22(m)|5(s), 1457364125.32, temp,+70.7,F,
2016(Y)|3(M)|7(D)|15(h)|22(m)|5(s), 1457364125.32, moist,+0.000,WFV,
2016(Y)|3(M)|7(D)|15(h)|22(m)|20(s), 1457364140.33, temp,+21.5,C,
2016(Y)|3(M)|7(D)|15(h)|22(m)|20(s), 1457364140.33, temp,+70.7,F,
2016(Y)|3(M)|7(D)|15(h)|22(m)|20(s), 1457364140.33, moist,+0.000,WFV,
2016(Y)|3(M)|7(D)|15(h)|22(m)|35(s), 1457364155.33, temp,+21.3,C,
2016(Y)|3(M)|7(D)|15(h)|22(m)|35(s), 1457364155.33, temp,+70.3,F,
2016(Y)|3(M)|7(D)|15(h)|22(m)|35(s), 1457364155.33, moist,+0.000,WFV,
2016(Y)|3(M)|7(D)|15(h)|22(m)|50(s), 1457364170.35, temp,+21.3,C,
2016(Y)|3(M)|7(D)|15(h)|22(m)|50(s), 1457364170.35, temp,+70.3,F,
2016(Y)|3(M)|7(D)|15(h)|22(m)|50(s), 1457364170.35, moist,+0.000,WFV,
2016(Y)|3(M)|7(D)|15(h)|23(m)|5(s), 1457364185.36, temp,+21.5,C,
2016(Y)|3(M)|7(D)|15(h)|23(m)|5(s), 1457364185.36, temp,+70.7,F,
2016(Y)|3(M)|7(D)|15(h)|23(m)|5(s), 1457364185.36, moist,+0.000,WFV,
2016(Y)|3(M)|7(D)|15(h)|23(m)|20(s), 1457364200.38, temp,+21.5,C,
2016(Y)|3(M)|7(D)|15(h)|23(m)|20(s), 1457364200.38, temp,+70.7,F,
2016(Y)|3(M)|7(D)|15(h)|23(m)|20(s), 1457364200.38, moist,+0.000,WFV,
2016(Y)|3(M)|7(D)|15(h)|23(m)|35(s), 1457364215.38, temp,+21.5,C,
2016(Y)|3(M)|7(D)|15(h)|23(m)|35(s), 1457364215.38, temp,+70.7,F,
2016(Y)|3(M)|7(D)|15(h)|23(m)|35(s), 1457364215.38, moist,+0.000,WFV,
2016(Y)|3(M)|7(D)|15(h)|23(m)|50(s), 1457364230.39, temp,+21.5,C,
2016(Y)|3(M)|7(D)|15(h)|23(m)|50(s), 1457364230.39, temp,+70.7,F,
2016(Y)|3(M)|7(D)|15(h)|23(m)|50(s), 1457364230.39, moist,+0.000,WFV,
2016(Y)|3(M)|7(D)|15(h)|24(m)|5(s), 1457364245.41, temp,+21.5,C,
2016(Y)|3(M)|7(D)|15(h)|24(m)|5(s), 1457364245.41, temp,+70.7,F,
2016(Y)|3(M)|7(D)|15(h)|24(m)|5(s), 1457364245.41, moist,+0.000,WFV,
2016(Y)|3(M)|7(D)|15(h)|24(m)|20(s), 1457364260.42, temp,+21.3,C,
2016(Y)|3(M)|7(D)|15(h)|24(m)|20(s), 1457364260.42, temp,+70.3,F,
2016(Y)|3(M)|7(D)|15(h)|24(m)|20(s), 1457364260.42, moist,+0.000,WFV,
2016(Y)|3(M)|7(D)|15(h)|24(m)|35(s), 1457364275.43, temp,+21.5,C,
2016(Y)|3(M)|7(D)|15(h)|24(m)|35(s), 1457364275.43, temp,+70.7,F,
2016(Y)|3(M)|7(D)|15(h)|24(m)|35(s), 1457364275.43, moist,+0.000,WFV,
2016(Y)|3(M)|7(D)|15(h)|24(m)|50(s), 1457364290.45, temp,+21.5,C,
2016(Y)|3(M)|7(D)|15(h)|24(m)|50(s), 1457364290.45, temp,+70.7,F,
2016(Y)|3(M)|7(D)|15(h)|24(m)|50(s), 1457364290.45, moist,+0.000,WFV,
2016(Y)|3(M)|7(D)|15(h)|25(m)|5(s), 1457364305.46, temp,+21.5,C,
2016(Y)|3(M)|7(D)|15(h)|25(m)|5(s), 1457364305.46, temp,+70.7,F,
2016(Y)|3(M)|7(D)|15(h)|25(m)|5(s), 1457364305.46, moist,+0.000,WFV,
2016(Y)|3(M)|7(D)|15(h)|25(m)|20(s), 1457364320.48, temp,+21.5,C,
2016(Y)|3(M)|7(D)|15(h)|25(m)|20(s), 1457364320.48, temp,+70.7,F,
2016(Y)|3(M)|7(D)|15(h)|25(m)|20(s), 1457364320.48, moist,+0.000,WFV,
2016(Y)|3(M)|7(D)|15(h)|25(m)|35(s), 1457364335.49, temp,+21.5,C,
2016(Y)|3(M)|7(D)|15(h)|25(m)|35(s), 1457364335.49, temp,+70.7,F,
2016(Y)|3(M)|7(D)|15(h)|25(m)|35(s), 1457364335.49, moist,+0.000,WFV,
2016(Y)|3(M)|7(D)|15(h)|25(m)|50(s), 1457364350.51, temp,+21.5,C,
2016(Y)|3(M)|7(D)|15(h)|25(m)|50(s), 1457364350.51, temp,+70.7,F,
2016(Y)|3(M)|7(D)|15(h)|25(m)|50(s), 1457364350.51, moist,+0.000,WFV,
2016(Y)|3(M)|7(D)|15(h)|26(m)|5(s), 1457364365.53, temp,+21.5,C,
2016(Y)|3(M)|7(D)|15(h)|26(m)|5(s), 1457364365.53, temp,+70.7,F,
2016(Y)|3(M)|7(D)|15(h)|26(m)|5(s), 1457364365.53, moist,+0.000,WFV,
2016(Y)|3(M)|7(D)|15(h)|26(m)|20(s), 1457364380.54, temp,+21.5,C,
2016(Y)|3(M)|7(D)|15(h)|26(m)|20(s), 1457364380.54, temp,+70.7,F,
2016(Y)|3(M)|7(D)|15(h)|26(m)|20(s), 1457364380.54, moist,+0.000,WFV,
2016(Y)|3(M)|7(D)|15(h)|26(m)|35(s), 1457364395.55, temp,+21.3,C,
2016(Y)|3(M)|7(D)|15(h)|26(m)|35(s), 1457364395.55, temp,+70.3,F,
2016(Y)|3(M)|7(D)|15(h)|26(m)|35(s), 1457364395.55, moist,+0.000,WFV,
2016(Y)|3(M)|7(D)|15(h)|26(m)|50(s), 1457364410.56, temp,+21.5,C,
2016(Y)|3(M)|7(D)|15(h)|26(m)|50(s), 1457364410.56, temp,+70.7,F,
2016(Y)|3(M)|7(D)|15(h)|26(m)|50(s), 1457364410.56, moist,+0.000,WFV,
2016(Y)|3(M)|7(D)|15(h)|27(m)|5(s), 1457364425.57, temp,+21.3,C,
2016(Y)|3(M)|7(D)|15(h)|27(m)|5(s), 1457364425.57, temp,+70.3,F,
2016(Y)|3(M)|7(D)|15(h)|27(m)|5(s), 1457364425.57, moist,+0.000,WFV,
2016(Y)|3(M)|7(D)|15(h)|27(m)|20(s), 1457364440.59, temp,+21.5,C,
2016(Y)|3(M)|7(D)|15(h)|27(m)|20(s), 1457364440.59, temp,+70.7,F,
2016(Y)|3(M)|7(D)|15(h)|27(m)|20(s), 1457364440.59, moist,+0.000,WFV,
2016(Y)|3(M)|7(D)|15(h)|27(m)|35(s), 1457364455.6, temp,+21.5,C,
2016(Y)|3(M)|7(D)|15(h)|27(m)|35(s), 1457364455.6, temp,+70.7,F,
2016(Y)|3(M)|7(D)|15(h)|27(m)|35(s), 1457364455.6, moist,+0.000,WFV,
2016(Y)|3(M)|7(D)|15(h)|27(m)|50(s), 1457364470.62, temp,+21.5,C,
2016(Y)|3(M)|7(D)|15(h)|27(m)|50(s), 1457364470.62, temp,+70.7,F,
2016(Y)|3(M)|7(D)|15(h)|27(m)|50(s), 1457364470.62, moist,+0.000,WFV,
2016(Y)|3(M)|7(D)|15(h)|28(m)|5(s), 1457364485.63, temp,+21.5,C,
2016(Y)|3(M)|7(D)|15(h)|28(m)|5(s), 1457364485.63, temp,+70.7,F,
2016(Y)|3(M)|7(D)|15(h)|28(m)|5(s), 1457364485.63, moist,+0.000,WFV,
2016(Y)|3(M)|7(D)|15(h)|28(m)|20(s), 1457364500.63, temp,+21.5,C,
2016(Y)|3(M)|7(D)|15(h)|28(m)|20(s), 1457364500.63, temp,+70.7,F,
2016(Y)|3(M)|7(D)|15(h)|28(m)|20(s), 1457364500.63, moist,+0.000,WFV,
2016(Y)|3(M)|7(D)|15(h)|28(m)|35(s), 1457364515.65, temp,+21.5,C,
2016(Y)|3(M)|7(D)|15(h)|28(m)|35(s), 1457364515.65, temp,+70.7,F,
2016(Y)|3(M)|7(D)|15(h)|28(m)|35(s), 1457364515.65, moist,+0.000,WFV,
2016(Y)|3(M)|7(D)|15(h)|28(m)|50(s), 1457364530.66, temp,+21.3,C,
2016(Y)|3(M)|7(D)|15(h)|28(m)|50(s), 1457364530.66, temp,+70.3,F,
2016(Y)|3(M)|7(D)|15(h)|28(m)|50(s), 1457364530.66, moist,+0.000,WFV,
2016(Y)|3(M)|7(D)|15(h)|29(m)|5(s), 1457364545.68, temp,+21.3,C,
2016(Y)|3(M)|7(D)|15(h)|29(m)|5(s), 1457364545.68, temp,+70.3,F,
2016(Y)|3(M)|7(D)|15(h)|29(m)|5(s), 1457364545.68, moist,+0.000,WFV,
2016(Y)|3(M)|7(D)|15(h)|29(m)|20(s), 1457364560.7, temp,+21.5,C,
2016(Y)|3(M)|7(D)|15(h)|29(m)|20(s), 1457364560.7, temp,+70.7,F,
2016(Y)|3(M)|7(D)|15(h)|29(m)|20(s), 1457364560.7, moist,+0.000,WFV,
2016(Y)|3(M)|7(D)|15(h)|29(m)|35(s), 1457364575.71, temp,+21.5,C,
2016(Y)|3(M)|7(D)|15(h)|29(m)|35(s), 1457364575.71, temp,+70.7,F,
2016(Y)|3(M)|7(D)|15(h)|29(m)|35(s), 1457364575.71, moist,+0.000,WFV,
2016(Y)|3(M)|7(D)|15(h)|29(m)|50(s), 1457364590.73, temp,+21.5,C,
2016(Y)|3(M)|7(D)|15(h)|29(m)|50(s), 1457364590.73, temp,+70.7,F,
2016(Y)|3(M)|7(D)|15(h)|29(m)|50(s), 1457364590.73, moist,+0.000,WFV,
2016(Y)|3(M)|7(D)|15(h)|30(m)|5(s), 1457364605.74, temp,+21.5,C,
2016(Y)|3(M)|7(D)|15(h)|30(m)|5(s), 1457364605.74, temp,+70.7,F,
2016(Y)|3(M)|7(D)|15(h)|30(m)|5(s), 1457364605.74, moist,+0.000,WFV,
2016(Y)|3(M)|7(D)|15(h)|30(m)|20(s), 1457364620.75, temp,+21.5,C,
2016(Y)|3(M)|7(D)|15(h)|30(m)|20(s), 1457364620.75, temp,+70.7,F,
2016(Y)|3(M)|7(D)|15(h)|30(m)|20(s), 1457364620.75, moist,+0.000,WFV,
2016(Y)|3(M)|7(D)|15(h)|30(m)|35(s), 1457364635.77, temp,+21.5,C,
2016(Y)|3(M)|7(D)|15(h)|30(m)|35(s), 1457364635.77, temp,+70.7,F,
2016(Y)|3(M)|7(D)|15(h)|30(m)|35(s), 1457364635.77, moist,+0.000,WFV,
2016(Y)|3(M)|7(D)|15(h)|30(m)|50(s), 1457364650.78, temp,+21.5,C,
2016(Y)|3(M)|7(D)|15(h)|30(m)|50(s), 1457364650.78, temp,+70.7,F,
2016(Y)|3(M)|7(D)|15(h)|30(m)|50(s), 1457364650.78, moist,+0.000,WFV,
2016(Y)|3(M)|7(D)|15(h)|31(m)|5(s), 1457364665.8, temp,+21.5,C,
2016(Y)|3(M)|7(D)|15(h)|31(m)|5(s), 1457364665.8, temp,+70.7,F,
2016(Y)|3(M)|7(D)|15(h)|31(m)|5(s), 1457364665.8, moist,+0.000,WFV,
2016(Y)|3(M)|7(D)|15(h)|31(m)|20(s), 1457364680.81, temp,+21.5,C,
2016(Y)|3(M)|7(D)|15(h)|31(m)|20(s), 1457364680.81, temp,+70.7,F,
2016(Y)|3(M)|7(D)|15(h)|31(m)|20(s), 1457364680.81, moist,+0.000,WFV,
2016(Y)|3(M)|7(D)|15(h)|31(m)|35(s), 1457364695.83, temp,+21.7,C,
2016(Y)|3(M)|7(D)|15(h)|31(m)|35(s), 1457364695.83, temp,+71.1,F,
2016(Y)|3(M)|7(D)|15(h)|31(m)|35(s), 1457364695.83, moist,+0.000,WFV,
2016(Y)|3(M)|7(D)|15(h)|31(m)|50(s), 1457364710.84, temp,+21.5,C,
2016(Y)|3(M)|7(D)|15(h)|31(m)|50(s), 1457364710.84, temp,+70.7,F,
2016(Y)|3(M)|7(D)|15(h)|31(m)|50(s), 1457364710.84, moist,+0.000,WFV,
2016(Y)|3(M)|7(D)|15(h)|32(m)|5(s), 1457364725.85, temp,+21.3,C,
2016(Y)|3(M)|7(D)|15(h)|32(m)|5(s), 1457364725.85, temp,+70.3,F,
2016(Y)|3(M)|7(D)|15(h)|32(m)|5(s), 1457364725.85, moist,+0.000,WFV,
2016(Y)|3(M)|7(D)|15(h)|32(m)|20(s), 1457364740.87, temp,+21.5,C,
2016(Y)|3(M)|7(D)|15(h)|32(m)|20(s), 1457364740.87, temp,+70.7,F,
2016(Y)|3(M)|7(D)|15(h)|32(m)|20(s), 1457364740.87, moist,+0.000,WFV,
2016(Y)|3(M)|7(D)|15(h)|32(m)|35(s), 1457364755.87, temp,+21.5,C,
2016(Y)|3(M)|7(D)|15(h)|32(m)|35(s), 1457364755.87, temp,+70.7,F,
2016(Y)|3(M)|7(D)|15(h)|32(m)|35(s), 1457364755.87, moist,+0.000,WFV,
2016(Y)|3(M)|7(D)|15(h)|32(m)|50(s), 1457364770.89, temp,+21.7,C,
2016(Y)|3(M)|7(D)|15(h)|32(m)|50(s), 1457364770.89, temp,+71.1,F,
2016(Y)|3(M)|7(D)|15(h)|32(m)|50(s), 1457364770.89, moist,+0.000,WFV,
2016(Y)|3(M)|7(D)|15(h)|33(m)|5(s), 1457364785.89, temp,+21.5,C,
2016(Y)|3(M)|7(D)|15(h)|33(m)|5(s), 1457364785.89, temp,+70.7,F,
2016(Y)|3(M)|7(D)|15(h)|33(m)|5(s), 1457364785.89, moist,+0.000,WFV,
2016(Y)|3(M)|7(D)|15(h)|33(m)|20(s), 1457364800.91, temp,+21.7,C,
2016(Y)|3(M)|7(D)|15(h)|33(m)|20(s), 1457364800.91, temp,+71.1,F,
2016(Y)|3(M)|7(D)|15(h)|33(m)|20(s), 1457364800.91, moist,+0.000,WFV,
2016(Y)|3(M)|7(D)|15(h)|33(m)|35(s), 1457364815.92, temp,+21.7,C,
2016(Y)|3(M)|7(D)|15(h)|33(m)|35(s), 1457364815.92, temp,+71.1,F,
2016(Y)|3(M)|7(D)|15(h)|33(m)|35(s), 1457364815.92, moist,+0.000,WFV,
2016(Y)|3(M)|7(D)|15(h)|33(m)|50(s), 1457364830.93, temp,+21.7,C,
2016(Y)|3(M)|7(D)|15(h)|33(m)|50(s), 1457364830.93, temp,+71.1,F,
2016(Y)|3(M)|7(D)|15(h)|33(m)|50(s), 1457364830.93, moist,+0.000,WFV,
2016(Y)|3(M)|7(D)|15(h)|34(m)|5(s), 1457364845.95, temp,+21.5,C,
2016(Y)|3(M)|7(D)|15(h)|34(m)|5(s), 1457364845.95, temp,+70.7,F,
2016(Y)|3(M)|7(D)|15(h)|34(m)|5(s), 1457364845.95, moist,+0.000,WFV,
2016(Y)|3(M)|7(D)|15(h)|34(m)|20(s), 1457364860.96, temp,+21.7,C,
2016(Y)|3(M)|7(D)|15(h)|34(m)|20(s), 1457364860.96, temp,+71.1,F,
2016(Y)|3(M)|7(D)|15(h)|34(m)|20(s), 1457364860.96, moist,+0.000,WFV,
2016(Y)|3(M)|7(D)|15(h)|34(m)|35(s), 1457364875.97, temp,+21.7,C,
2016(Y)|3(M)|7(D)|15(h)|34(m)|35(s), 1457364875.97, temp,+71.1,F,
2016(Y)|3(M)|7(D)|15(h)|34(m)|35(s), 1457364875.97, moist,+0.000,WFV,
2016(Y)|3(M)|7(D)|15(h)|34(m)|50(s), 1457364890.98, temp,+21.5,C,
2016(Y)|3(M)|7(D)|15(h)|34(m)|50(s), 1457364890.98, temp,+70.7,F,
2016(Y)|3(M)|7(D)|15(h)|34(m)|50(s), 1457364890.98, moist,+0.000,WFV,
2016(Y)|3(M)|7(D)|15(h)|35(m)|5(s), 1457364906.0, temp,+21.7,C,
2016(Y)|3(M)|7(D)|15(h)|35(m)|5(s), 1457364906.0, temp,+71.1,F,
2016(Y)|3(M)|7(D)|15(h)|35(m)|5(s), 1457364906.0, moist,+0.000,WFV,
2016(Y)|3(M)|7(D)|15(h)|35(m)|21(s), 1457364921.02, temp,+21.7,C,
2016(Y)|3(M)|7(D)|15(h)|35(m)|21(s), 1457364921.02, temp,+71.1,F,
2016(Y)|3(M)|7(D)|15(h)|35(m)|21(s), 1457364921.02, moist,+0.000,WFV,
2016(Y)|3(M)|7(D)|15(h)|35(m)|36(s), 1457364936.03, temp,+21.7,C,
2016(Y)|3(M)|7(D)|15(h)|35(m)|36(s), 1457364936.03, temp,+71.1,F,
2016(Y)|3(M)|7(D)|15(h)|35(m)|36(s), 1457364936.03, moist,+0.000,WFV,
2016(Y)|3(M)|7(D)|15(h)|35(m)|51(s), 1457364951.05, temp,+21.7,C,
2016(Y)|3(M)|7(D)|15(h)|35(m)|51(s), 1457364951.05, temp,+71.1,F,
2016(Y)|3(M)|7(D)|15(h)|35(m)|51(s), 1457364951.05, moist,+0.000,WFV,
2016(Y)|3(M)|7(D)|15(h)|36(m)|6(s), 1457364966.06, temp,+21.5,C,
2016(Y)|3(M)|7(D)|15(h)|36(m)|6(s), 1457364966.06, temp,+70.7,F,
2016(Y)|3(M)|7(D)|15(h)|36(m)|6(s), 1457364966.06, moist,+0.000,WFV,
2016(Y)|3(M)|7(D)|15(h)|36(m)|21(s), 1457364981.08, temp,+21.5,C,
2016(Y)|3(M)|7(D)|15(h)|36(m)|21(s), 1457364981.08, temp,+70.7,F,
2016(Y)|3(M)|7(D)|15(h)|36(m)|21(s), 1457364981.08, moist,+0.000,WFV,
2016(Y)|3(M)|7(D)|15(h)|36(m)|36(s), 1457364996.09, temp,+21.7,C,
2016(Y)|3(M)|7(D)|15(h)|36(m)|36(s), 1457364996.09, temp,+71.1,F,
2016(Y)|3(M)|7(D)|15(h)|36(m)|36(s), 1457364996.09, moist,+0.000,WFV,
2016(Y)|3(M)|7(D)|15(h)|36(m)|51(s), 1457365011.1, temp,+21.7,C,
2016(Y)|3(M)|7(D)|15(h)|36(m)|51(s), 1457365011.1, temp,+71.1,F,
2016(Y)|3(M)|7(D)|15(h)|36(m)|51(s), 1457365011.1, moist,+0.000,WFV,
2016(Y)|3(M)|7(D)|15(h)|37(m)|6(s), 1457365026.11, temp,+21.7,C,
2016(Y)|3(M)|7(D)|15(h)|37(m)|6(s), 1457365026.11, temp,+71.1,F,
2016(Y)|3(M)|7(D)|15(h)|37(m)|6(s), 1457365026.11, moist,+0.000,WFV,
2016(Y)|3(M)|7(D)|15(h)|37(m)|21(s), 1457365041.12, temp,+21.7,C,
2016(Y)|3(M)|7(D)|15(h)|37(m)|21(s), 1457365041.12, temp,+71.1,F,
2016(Y)|3(M)|7(D)|15(h)|37(m)|21(s), 1457365041.12, moist,+0.000,WFV,
2016(Y)|3(M)|7(D)|15(h)|37(m)|36(s), 1457365056.14, temp,+21.7,C,
2016(Y)|3(M)|7(D)|15(h)|37(m)|36(s), 1457365056.14, temp,+71.1,F,
2016(Y)|3(M)|7(D)|15(h)|37(m)|36(s), 1457365056.14, moist,+0.000,WFV,
2016(Y)|3(M)|7(D)|15(h)|37(m)|51(s), 1457365071.15, temp,+21.5,C,
2016(Y)|3(M)|7(D)|15(h)|37(m)|51(s), 1457365071.15, temp,+70.7,F,
2016(Y)|3(M)|7(D)|15(h)|37(m)|51(s), 1457365071.15, moist,+0.000,WFV,
2016(Y)|3(M)|7(D)|15(h)|38(m)|6(s), 1457365086.17, temp,+21.7,C,
2016(Y)|3(M)|7(D)|15(h)|38(m)|6(s), 1457365086.17, temp,+71.1,F,
2016(Y)|3(M)|7(D)|15(h)|38(m)|6(s), 1457365086.17, moist,+0.000,WFV,
2016(Y)|3(M)|7(D)|15(h)|38(m)|21(s), 1457365101.18, temp,+21.5,C,
2016(Y)|3(M)|7(D)|15(h)|38(m)|21(s), 1457365101.18, temp,+70.7,F,
2016(Y)|3(M)|7(D)|15(h)|38(m)|21(s), 1457365101.18, moist,+0.000,WFV,
2016(Y)|3(M)|7(D)|15(h)|38(m)|36(s), 1457365116.2, temp,+21.7,C,
2016(Y)|3(M)|7(D)|15(h)|38(m)|36(s), 1457365116.2, temp,+71.1,F,
2016(Y)|3(M)|7(D)|15(h)|38(m)|36(s), 1457365116.2, moist,+0.000,WFV,
2016(Y)|3(M)|7(D)|15(h)|38(m)|51(s), 1457365131.21, temp,+21.7,C,
2016(Y)|3(M)|7(D)|15(h)|38(m)|51(s), 1457365131.21, temp,+71.1,F,
2016(Y)|3(M)|7(D)|15(h)|38(m)|51(s), 1457365131.21, moist,+0.000,WFV,
2016(Y)|3(M)|7(D)|15(h)|39(m)|6(s), 1457365146.22, temp,+21.7,C,
2016(Y)|3(M)|7(D)|15(h)|39(m)|6(s), 1457365146.22, temp,+71.1,F,
2016(Y)|3(M)|7(D)|15(h)|39(m)|6(s), 1457365146.22, moist,+0.000,WFV,
2016(Y)|3(M)|7(D)|15(h)|39(m)|21(s), 1457365161.23, temp,+21.7,C,
2016(Y)|3(M)|7(D)|15(h)|39(m)|21(s), 1457365161.23, temp,+71.1,F,
2016(Y)|3(M)|7(D)|15(h)|39(m)|21(s), 1457365161.23, moist,+0.000,WFV,
2016(Y)|3(M)|7(D)|15(h)|39(m)|36(s), 1457365176.23, temp,+21.7,C,
2016(Y)|3(M)|7(D)|15(h)|39(m)|36(s), 1457365176.23, temp,+71.1,F,
2016(Y)|3(M)|7(D)|15(h)|39(m)|36(s), 1457365176.23, moist,+0.000,WFV,
2016(Y)|3(M)|7(D)|15(h)|39(m)|51(s), 1457365191.24, temp,+21.7,C,
2016(Y)|3(M)|7(D)|15(h)|39(m)|51(s), 1457365191.24, temp,+71.1,F,
2016(Y)|3(M)|7(D)|15(h)|39(m)|51(s), 1457365191.24, moist,+0.000,WFV,
2016(Y)|3(M)|7(D)|15(h)|40(m)|6(s), 1457365206.25, temp,+21.7,C,
2016(Y)|3(M)|7(D)|15(h)|40(m)|6(s), 1457365206.25, temp,+71.1,F,
2016(Y)|3(M)|7(D)|15(h)|40(m)|6(s), 1457365206.25, moist,+0.000,WFV,
2016(Y)|3(M)|7(D)|15(h)|40(m)|21(s), 1457365221.26, temp,+21.7,C,
2016(Y)|3(M)|7(D)|15(h)|40(m)|21(s), 1457365221.26, temp,+71.1,F,
2016(Y)|3(M)|7(D)|15(h)|40(m)|21(s), 1457365221.26, moist,+0.000,WFV,
2016(Y)|3(M)|7(D)|15(h)|40(m)|36(s), 1457365236.28, temp,+21.7,C,
2016(Y)|3(M)|7(D)|15(h)|40(m)|36(s), 1457365236.28, temp,+71.1,F,
2016(Y)|3(M)|7(D)|15(h)|40(m)|36(s), 1457365236.28, moist,+0.000,WFV,
2016(Y)|3(M)|7(D)|15(h)|41(m)|4(s), 1457365264.86, temp,+21.7,C,
2016(Y)|3(M)|7(D)|15(h)|41(m)|4(s), 1457365264.86, temp,+71.1,F,
2016(Y)|3(M)|7(D)|15(h)|41(m)|4(s), 1457365264.86, moist,+0.000,WFV,
2016(Y)|3(M)|7(D)|15(h)|41(m)|7(s), 1457365267.99, temp,+21.7,C,
2016(Y)|3(M)|7(D)|15(h)|41(m)|7(s), 1457365267.99, temp,+71.1,F,
2016(Y)|3(M)|7(D)|15(h)|41(m)|7(s), 1457365267.99, moist,+0.000,WFV,
2016(Y)|3(M)|7(D)|15(h)|41(m)|21(s), 1457365281.31, temp,+21.7,C,
2016(Y)|3(M)|7(D)|15(h)|41(m)|21(s), 1457365281.31, temp,+71.1,F,
2016(Y)|3(M)|7(D)|15(h)|41(m)|21(s), 1457365281.31, moist,+0.000,WFV,
2016(Y)|3(M)|7(D)|15(h)|41(m)|36(s), 1457365296.32, temp,+21.7,C,
2016(Y)|3(M)|7(D)|15(h)|41(m)|36(s), 1457365296.32, temp,+71.1,F,
2016(Y)|3(M)|7(D)|15(h)|41(m)|36(s), 1457365296.32, moist,+0.000,WFV,
2016(Y)|3(M)|7(D)|15(h)|41(m)|51(s), 1457365311.33, temp,+21.7,C,
2016(Y)|3(M)|7(D)|15(h)|41(m)|51(s), 1457365311.33, temp,+71.1,F,
2016(Y)|3(M)|7(D)|15(h)|41(m)|51(s), 1457365311.33, moist,+0.000,WFV,
2016(Y)|3(M)|7(D)|15(h)|42(m)|6(s), 1457365326.35, temp,+21.7,C,
2016(Y)|3(M)|7(D)|15(h)|42(m)|6(s), 1457365326.35, temp,+71.1,F,
2016(Y)|3(M)|7(D)|15(h)|42(m)|6(s), 1457365326.35, moist,+0.000,WFV,
2016(Y)|3(M)|7(D)|15(h)|42(m)|21(s), 1457365341.36, temp,+21.7,C,
2016(Y)|3(M)|7(D)|15(h)|42(m)|21(s), 1457365341.36, temp,+71.1,F,
2016(Y)|3(M)|7(D)|15(h)|42(m)|21(s), 1457365341.36, moist,+0.000,WFV,
2016(Y)|3(M)|7(D)|15(h)|42(m)|36(s), 1457365356.38, temp,+21.9,C,
2016(Y)|3(M)|7(D)|15(h)|42(m)|36(s), 1457365356.38, temp,+71.5,F,
2016(Y)|3(M)|7(D)|15(h)|42(m)|36(s), 1457365356.38, moist,+0.000,WFV,
2016(Y)|3(M)|7(D)|15(h)|42(m)|51(s), 1457365371.39, temp,+21.7,C,
2016(Y)|3(M)|7(D)|15(h)|42(m)|51(s), 1457365371.39, temp,+71.1,F,
2016(Y)|3(M)|7(D)|15(h)|42(m)|51(s), 1457365371.39, moist,+0.000,WFV,
2016(Y)|3(M)|7(D)|15(h)|43(m)|6(s), 1457365386.41, temp,+21.7,C,
2016(Y)|3(M)|7(D)|15(h)|43(m)|6(s), 1457365386.41, temp,+71.1,F,
2016(Y)|3(M)|7(D)|15(h)|43(m)|6(s), 1457365386.41, moist,+0.000,WFV,
2016(Y)|3(M)|7(D)|15(h)|43(m)|21(s), 1457365401.41, temp,+21.7,C,
2016(Y)|3(M)|7(D)|15(h)|43(m)|21(s), 1457365401.41, temp,+71.1,F,
2016(Y)|3(M)|7(D)|15(h)|43(m)|21(s), 1457365401.41, moist,+0.000,WFV,
2016(Y)|3(M)|7(D)|15(h)|43(m)|36(s), 1457365416.43, temp,+21.7,C,
2016(Y)|3(M)|7(D)|15(h)|43(m)|36(s), 1457365416.43, temp,+71.1,F,
2016(Y)|3(M)|7(D)|15(h)|43(m)|36(s), 1457365416.43, moist,+0.000,WFV,
2016(Y)|3(M)|7(D)|15(h)|43(m)|51(s), 1457365431.45, temp,+21.7,C,
2016(Y)|3(M)|7(D)|15(h)|43(m)|51(s), 1457365431.45, temp,+71.1,F,
2016(Y)|3(M)|7(D)|15(h)|43(m)|51(s), 1457365431.45, moist,+0.000,WFV,
2016(Y)|3(M)|7(D)|15(h)|44(m)|6(s), 1457365446.46, temp,+21.7,C,
2016(Y)|3(M)|7(D)|15(h)|44(m)|6(s), 1457365446.46, temp,+71.1,F,
2016(Y)|3(M)|7(D)|15(h)|44(m)|6(s), 1457365446.46, moist,+0.000,WFV,
2016(Y)|3(M)|7(D)|15(h)|44(m)|21(s), 1457365461.48, temp,+21.7,C,
2016(Y)|3(M)|7(D)|15(h)|44(m)|21(s), 1457365461.48, temp,+71.1,F,
2016(Y)|3(M)|7(D)|15(h)|44(m)|21(s), 1457365461.48, moist,+0.000,WFV,
2016(Y)|3(M)|7(D)|15(h)|44(m)|36(s), 1457365476.49, temp,+21.7,C,
2016(Y)|3(M)|7(D)|15(h)|44(m)|36(s), 1457365476.49, temp,+71.1,F,
2016(Y)|3(M)|7(D)|15(h)|44(m)|36(s), 1457365476.49, moist,+0.000,WFV,
2016(Y)|3(M)|7(D)|15(h)|44(m)|51(s), 1457365491.51, temp,+21.7,C,
2016(Y)|3(M)|7(D)|15(h)|44(m)|51(s), 1457365491.51, temp,+71.1,F,
2016(Y)|3(M)|7(D)|15(h)|44(m)|51(s), 1457365491.51, moist,+0.000,WFV,
2016(Y)|3(M)|7(D)|15(h)|45(m)|6(s), 1457365506.52, temp,+21.7,C,
2016(Y)|3(M)|7(D)|15(h)|45(m)|6(s), 1457365506.52, temp,+71.1,F,
2016(Y)|3(M)|7(D)|15(h)|45(m)|6(s), 1457365506.52, moist,+0.000,WFV,
2016(Y)|3(M)|7(D)|15(h)|45(m)|21(s), 1457365521.54, temp,+21.7,C,
2016(Y)|3(M)|7(D)|15(h)|45(m)|21(s), 1457365521.54, temp,+71.1,F,
2016(Y)|3(M)|7(D)|15(h)|45(m)|21(s), 1457365521.54, moist,+0.000,WFV,
2016(Y)|3(M)|7(D)|15(h)|45(m)|36(s), 1457365536.56, temp,+21.7,C,
2016(Y)|3(M)|7(D)|15(h)|45(m)|36(s), 1457365536.56, temp,+71.1,F,
2016(Y)|3(M)|7(D)|15(h)|45(m)|36(s), 1457365536.56, moist,+0.000,WFV,
2016(Y)|3(M)|7(D)|15(h)|45(m)|51(s), 1457365551.57, temp,+21.7,C,
2016(Y)|3(M)|7(D)|15(h)|45(m)|51(s), 1457365551.57, temp,+71.1,F,
2016(Y)|3(M)|7(D)|15(h)|45(m)|51(s), 1457365551.57, moist,+0.000,WFV,
2016(Y)|3(M)|7(D)|15(h)|46(m)|6(s), 1457365566.59, temp,+21.9,C,
2016(Y)|3(M)|7(D)|15(h)|46(m)|6(s), 1457365566.59, temp,+71.5,F,
2016(Y)|3(M)|7(D)|15(h)|46(m)|6(s), 1457365566.59, moist,+0.000,WFV,
2016(Y)|3(M)|7(D)|15(h)|46(m)|21(s), 1457365581.6, temp,+21.7,C,
2016(Y)|3(M)|7(D)|15(h)|46(m)|21(s), 1457365581.6, temp,+71.1,F,
2016(Y)|3(M)|7(D)|15(h)|46(m)|21(s), 1457365581.6, moist,+0.000,WFV,
2016(Y)|3(M)|7(D)|15(h)|46(m)|50(s), 1457365610.19, temp,+21.7,C,
2016(Y)|3(M)|7(D)|15(h)|46(m)|50(s), 1457365610.19, temp,+71.1,F,
2016(Y)|3(M)|7(D)|15(h)|46(m)|50(s), 1457365610.19, moist,+0.000,WFV,
2016(Y)|3(M)|7(D)|15(h)|46(m)|53(s), 1457365613.31, temp,+21.7,C,
2016(Y)|3(M)|7(D)|15(h)|46(m)|53(s), 1457365613.31, temp,+71.1,F,
2016(Y)|3(M)|7(D)|15(h)|46(m)|53(s), 1457365613.31, moist,+0.000,WFV,
2016(Y)|3(M)|7(D)|15(h)|47(m)|6(s), 1457365626.65, temp,+21.7,C,
2016(Y)|3(M)|7(D)|15(h)|47(m)|6(s), 1457365626.65, temp,+71.1,F,
2016(Y)|3(M)|7(D)|15(h)|47(m)|6(s), 1457365626.65, moist,+0.000,WFV,
2016(Y)|3(M)|7(D)|15(h)|47(m)|21(s), 1457365641.67, temp,+21.7,C,
2016(Y)|3(M)|7(D)|15(h)|47(m)|21(s), 1457365641.67, temp,+71.1,F,
2016(Y)|3(M)|7(D)|15(h)|47(m)|21(s), 1457365641.67, moist,+0.000,WFV,
2016(Y)|3(M)|7(D)|15(h)|47(m)|36(s), 1457365656.67, temp,+21.7,C,
2016(Y)|3(M)|7(D)|15(h)|47(m)|36(s), 1457365656.67, temp,+71.1,F,
2016(Y)|3(M)|7(D)|15(h)|47(m)|36(s), 1457365656.67, moist,+0.000,WFV,
2016(Y)|3(M)|7(D)|15(h)|47(m)|51(s), 1457365671.69, temp,+21.7,C,
2016(Y)|3(M)|7(D)|15(h)|47(m)|51(s), 1457365671.69, temp,+71.1,F,
2016(Y)|3(M)|7(D)|15(h)|47(m)|51(s), 1457365671.69, moist,+0.000,WFV,
2016(Y)|3(M)|7(D)|15(h)|48(m)|6(s), 1457365686.71, temp,+21.7,C,
2016(Y)|3(M)|7(D)|15(h)|48(m)|6(s), 1457365686.71, temp,+71.1,F,
2016(Y)|3(M)|7(D)|15(h)|48(m)|6(s), 1457365686.71, moist,+0.000,WFV,
2016(Y)|3(M)|7(D)|15(h)|48(m)|21(s), 1457365701.72, temp,+21.7,C,
2016(Y)|3(M)|7(D)|15(h)|48(m)|21(s), 1457365701.72, temp,+71.1,F,
2016(Y)|3(M)|7(D)|15(h)|48(m)|21(s), 1457365701.72, moist,+0.000,WFV,
2016(Y)|3(M)|7(D)|15(h)|48(m)|36(s), 1457365716.74, temp,+21.7,C,
2016(Y)|3(M)|7(D)|15(h)|48(m)|36(s), 1457365716.74, temp,+71.1,F,
2016(Y)|3(M)|7(D)|15(h)|48(m)|36(s), 1457365716.74, moist,+0.000,WFV,
2016(Y)|3(M)|7(D)|15(h)|48(m)|51(s), 1457365731.75, temp,+21.7,C,
2016(Y)|3(M)|7(D)|15(h)|48(m)|51(s), 1457365731.75, temp,+71.1,F,
2016(Y)|3(M)|7(D)|15(h)|48(m)|51(s), 1457365731.75, moist,+0.000,WFV,
2016(Y)|3(M)|7(D)|15(h)|49(m)|6(s), 1457365746.77, temp,+21.7,C,
2016(Y)|3(M)|7(D)|15(h)|49(m)|6(s), 1457365746.77, temp,+71.1,F,
2016(Y)|3(M)|7(D)|15(h)|49(m)|6(s), 1457365746.77, moist,+0.000,WFV,
2016(Y)|3(M)|7(D)|15(h)|49(m)|21(s), 1457365761.78, temp,+21.7,C,
2016(Y)|3(M)|7(D)|15(h)|49(m)|21(s), 1457365761.78, temp,+71.1,F,
2016(Y)|3(M)|7(D)|15(h)|49(m)|21(s), 1457365761.78, moist,+0.000,WFV,
2016(Y)|3(M)|7(D)|15(h)|49(m)|36(s), 1457365776.8, temp,+21.7,C,
2016(Y)|3(M)|7(D)|15(h)|49(m)|36(s), 1457365776.8, temp,+71.1,F,
2016(Y)|3(M)|7(D)|15(h)|49(m)|36(s), 1457365776.8, moist,+0.000,WFV,
2016(Y)|3(M)|7(D)|15(h)|49(m)|51(s), 1457365791.82, temp,+21.7,C,
2016(Y)|3(M)|7(D)|15(h)|49(m)|51(s), 1457365791.82, temp,+71.1,F,
2016(Y)|3(M)|7(D)|15(h)|49(m)|51(s), 1457365791.82, moist,+0.000,WFV,
2016(Y)|3(M)|7(D)|15(h)|50(m)|6(s), 1457365806.83, temp,+21.7,C,
2016(Y)|3(M)|7(D)|15(h)|50(m)|6(s), 1457365806.83, temp,+71.1,F,
2016(Y)|3(M)|7(D)|15(h)|50(m)|6(s), 1457365806.83, moist,+0.000,WFV,
2016(Y)|3(M)|7(D)|15(h)|50(m)|21(s), 1457365821.85, temp,+21.7,C,
2016(Y)|3(M)|7(D)|15(h)|50(m)|21(s), 1457365821.85, temp,+71.1,F,
2016(Y)|3(M)|7(D)|15(h)|50(m)|21(s), 1457365821.85, moist,+0.000,WFV,
2016(Y)|3(M)|7(D)|15(h)|50(m)|36(s), 1457365836.86, temp,+21.7,C,
2016(Y)|3(M)|7(D)|15(h)|50(m)|36(s), 1457365836.86, temp,+71.1,F,
2016(Y)|3(M)|7(D)|15(h)|50(m)|36(s), 1457365836.86, moist,+0.000,WFV,
2016(Y)|3(M)|7(D)|15(h)|50(m)|51(s), 1457365851.88, temp,+21.7,C,
2016(Y)|3(M)|7(D)|15(h)|50(m)|51(s), 1457365851.88, temp,+71.1,F,
2016(Y)|3(M)|7(D)|15(h)|50(m)|51(s), 1457365851.88, moist,+0.000,WFV,
2016(Y)|3(M)|7(D)|15(h)|51(m)|6(s), 1457365866.89, temp,+21.7,C,
2016(Y)|3(M)|7(D)|15(h)|51(m)|6(s), 1457365866.89, temp,+71.1,F,
2016(Y)|3(M)|7(D)|15(h)|51(m)|6(s), 1457365866.89, moist,+0.000,WFV,
2016(Y)|3(M)|7(D)|15(h)|51(m)|21(s), 1457365881.91, temp,+21.7,C,
2016(Y)|3(M)|7(D)|15(h)|51(m)|21(s), 1457365881.91, temp,+71.1,F,
2016(Y)|3(M)|7(D)|15(h)|51(m)|21(s), 1457365881.91, moist,+0.000,WFV,
2016(Y)|3(M)|7(D)|15(h)|51(m)|36(s), 1457365896.92, temp,+21.7,C,
2016(Y)|3(M)|7(D)|15(h)|51(m)|36(s), 1457365896.92, temp,+71.1,F,
2016(Y)|3(M)|7(D)|15(h)|51(m)|36(s), 1457365896.92, moist,+0.000,WFV,
2016(Y)|3(M)|7(D)|15(h)|51(m)|51(s), 1457365911.93, temp,+21.7,C,
2016(Y)|3(M)|7(D)|15(h)|51(m)|51(s), 1457365911.93, temp,+71.1,F,
2016(Y)|3(M)|7(D)|15(h)|51(m)|51(s), 1457365911.93, moist,+0.000,WFV,
2016(Y)|3(M)|7(D)|15(h)|52(m)|6(s), 1457365926.95, temp,+21.7,C,
2016(Y)|3(M)|7(D)|15(h)|52(m)|6(s), 1457365926.95, temp,+71.1,F,
2016(Y)|3(M)|7(D)|15(h)|52(m)|6(s), 1457365926.95, moist,+0.000,WFV,
2016(Y)|3(M)|7(D)|15(h)|52(m)|21(s), 1457365941.96, temp,+21.7,C,
2016(Y)|3(M)|7(D)|15(h)|52(m)|21(s), 1457365941.96, temp,+71.1,F,
2016(Y)|3(M)|7(D)|15(h)|52(m)|21(s), 1457365941.96, moist,+0.000,WFV,
2016(Y)|3(M)|7(D)|15(h)|52(m)|36(s), 1457365956.98, temp,+21.7,C,
2016(Y)|3(M)|7(D)|15(h)|52(m)|36(s), 1457365956.98, temp,+71.1,F,
2016(Y)|3(M)|7(D)|15(h)|52(m)|36(s), 1457365956.98, moist,+0.000,WFV,
2016(Y)|3(M)|7(D)|15(h)|52(m)|51(s), 1457365972.0, temp,+21.7,C,
2016(Y)|3(M)|7(D)|15(h)|52(m)|51(s), 1457365972.0, temp,+71.1,F,
2016(Y)|3(M)|7(D)|15(h)|52(m)|51(s), 1457365972.0, moist,+0.000,WFV,
2016(Y)|3(M)|7(D)|15(h)|53(m)|7(s), 1457365987.01, temp,+21.9,C,
2016(Y)|3(M)|7(D)|15(h)|53(m)|7(s), 1457365987.01, temp,+71.5,F,
2016(Y)|3(M)|7(D)|15(h)|53(m)|7(s), 1457365987.01, moist,+0.000,WFV,
2016(Y)|3(M)|7(D)|15(h)|53(m)|22(s), 1457366002.02, temp,+21.7,C,
2016(Y)|3(M)|7(D)|15(h)|53(m)|22(s), 1457366002.02, temp,+71.1,F,
2016(Y)|3(M)|7(D)|15(h)|53(m)|22(s), 1457366002.02, moist,+0.000,WFV,
2016(Y)|3(M)|7(D)|15(h)|53(m)|37(s), 1457366017.04, temp,+21.7,C,
2016(Y)|3(M)|7(D)|15(h)|53(m)|37(s), 1457366017.04, temp,+71.1,F,
2016(Y)|3(M)|7(D)|15(h)|53(m)|37(s), 1457366017.04, moist,+0.000,WFV,
2016(Y)|3(M)|7(D)|15(h)|53(m)|52(s), 1457366032.05, temp,+21.7,C,
2016(Y)|3(M)|7(D)|15(h)|53(m)|52(s), 1457366032.05, temp,+71.1,F,
2016(Y)|3(M)|7(D)|15(h)|53(m)|52(s), 1457366032.05, moist,+0.000,WFV,
2016(Y)|3(M)|7(D)|15(h)|54(m)|7(s), 1457366047.06, temp,+21.7,C,
2016(Y)|3(M)|7(D)|15(h)|54(m)|7(s), 1457366047.06, temp,+71.1,F,
2016(Y)|3(M)|7(D)|15(h)|54(m)|7(s), 1457366047.06, moist,+0.000,WFV,
2016(Y)|3(M)|7(D)|15(h)|54(m)|22(s), 1457366062.07, temp,+21.7,C,
2016(Y)|3(M)|7(D)|15(h)|54(m)|22(s), 1457366062.07, temp,+71.1,F,
2016(Y)|3(M)|7(D)|15(h)|54(m)|22(s), 1457366062.07, moist,+0.000,WFV,
2016(Y)|3(M)|7(D)|15(h)|54(m)|37(s), 1457366077.09, temp,+21.7,C,
2016(Y)|3(M)|7(D)|15(h)|54(m)|37(s), 1457366077.09, temp,+71.1,F,
2016(Y)|3(M)|7(D)|15(h)|54(m)|37(s), 1457366077.09, moist,+0.000,WFV,
2016(Y)|3(M)|7(D)|15(h)|54(m)|52(s), 1457366092.1, temp,+21.7,C,
2016(Y)|3(M)|7(D)|15(h)|54(m)|52(s), 1457366092.1, temp,+71.1,F,
2016(Y)|3(M)|7(D)|15(h)|54(m)|52(s), 1457366092.1, moist,+0.000,WFV,
2016(Y)|3(M)|7(D)|15(h)|55(m)|7(s), 1457366107.12, temp,+21.7,C,
2016(Y)|3(M)|7(D)|15(h)|55(m)|7(s), 1457366107.12, temp,+71.1,F,
2016(Y)|3(M)|7(D)|15(h)|55(m)|7(s), 1457366107.12, moist,+0.000,WFV,
2016(Y)|3(M)|7(D)|15(h)|55(m)|22(s), 1457366122.13, temp,+21.7,C,
2016(Y)|3(M)|7(D)|15(h)|55(m)|22(s), 1457366122.13, temp,+71.1,F,
2016(Y)|3(M)|7(D)|15(h)|55(m)|22(s), 1457366122.13, moist,+0.000,WFV,
2016(Y)|3(M)|7(D)|15(h)|55(m)|37(s), 1457366137.14, temp,+21.9,C,
2016(Y)|3(M)|7(D)|15(h)|55(m)|37(s), 1457366137.14, temp,+71.5,F,
2016(Y)|3(M)|7(D)|15(h)|55(m)|37(s), 1457366137.14, moist,+0.000,WFV,
2016(Y)|3(M)|7(D)|15(h)|55(m)|52(s), 1457366152.16, temp,+21.9,C,
2016(Y)|3(M)|7(D)|15(h)|55(m)|52(s), 1457366152.16, temp,+71.5,F,
2016(Y)|3(M)|7(D)|15(h)|55(m)|52(s), 1457366152.16, moist,+0.000,WFV,
2016(Y)|3(M)|7(D)|15(h)|56(m)|7(s), 1457366167.17, temp,+21.7,C,
2016(Y)|3(M)|7(D)|15(h)|56(m)|7(s), 1457366167.17, temp,+71.1,F,
2016(Y)|3(M)|7(D)|15(h)|56(m)|7(s), 1457366167.17, moist,+0.000,WFV,
2016(Y)|3(M)|7(D)|15(h)|56(m)|22(s), 1457366182.18, temp,+21.7,C,
2016(Y)|3(M)|7(D)|15(h)|56(m)|22(s), 1457366182.18, temp,+71.1,F,
2016(Y)|3(M)|7(D)|15(h)|56(m)|22(s), 1457366182.18, moist,+0.000,WFV,
2016(Y)|3(M)|7(D)|15(h)|56(m)|37(s), 1457366197.2, temp,+21.7,C,
2016(Y)|3(M)|7(D)|15(h)|56(m)|37(s), 1457366197.2, temp,+71.1,F,
2016(Y)|3(M)|7(D)|15(h)|56(m)|37(s), 1457366197.2, moist,+0.000,WFV,
